[1;36m==================================================[0m
[1;33mScraping Guyana (gy) - Auto Pagination[0m
[1;36m==================================================[0m

[1;36mFetching page 0:[0m https://onlineradiobox.com/gy/?p=0
[0;90m+------+--------------------------------------------+------------+--------------+
[0m[0;90m|[0m [1;37mNo  [0m [0;90m|[0m [1;37mStation                                   [0m [0;90m|[0m [1;37mStatus    [0m [0;90m|[0m [1;37mFormat      [0m [0;90m|[0m
[0;90m+------+--------------------------------------------+------------+--------------+
[0m[0;90m|[0m [1;34m1   [0m [0;90m|[0m [1;36mBoom FM                                   [0m [0;90m|[0m [1;31mbroken    [0m [0;90m|[0m [1;35munknown     [0m [0;90m|[0m
[0;90m|[0m [1;34m2   [0m [0;90m|[0m [1;36m96.1 Voice FM                             [0m [0;90m|[0m [1;32mworking   [0m [0;90m|[0m [1;35mmpg123      [0m [0;90m|[0m
[0;90m|[0m [1;34m3   [0m [0;90m|[0m [1;36mRadio Guyana Inc.                         [0m [0;90m|[0m [1;32mworking   [0m [0;90m|[0m [1;35mAAC         [0m [0;90m|[0m
[0;90m|[0m [1;34m4   [0m [0;90m|[0m [1;36m104.1 Guyana Lite FM                      [0m [0;90m|[0m [1;32mworking   [0m [0;90m|[0m [1;35mmpg123      [0m [0;90m|[0m
[0;90m|[0m [1;34m5   [0m [0;90m|[0m [1;36mNTN Radio                                 [0m [0;90m|[0m [1;32mworking   [0m [0;90m|[0m [1;35mmpg123      [0m [0;90m|[0m
[0;90m|[0m [1;34m6   [0m [0;90m|[0m [1;36mMix 90.1 FM                               [0m [0;90m|[0m [1;32mworking   [0m [0;90m|[0m [1;35mmpg123      [0m [0;90m|[0m
[0;90m|[0m [1;34m7   [0m [0;90m|[0m [1;36mBhajans Radio Guyana                      [0m [0;90m|[0m [1;32mworking   [0m [0;90m|[0m [1;35mAAC         [0m [0;90m|[0m
[0;90m|[0m [1;34m8   [0m [0;90m|[0m [1;36mRadio Guyana International                [0m [0;90m|[0m [1;32mworking   [0m [0;90m|[0m [1;35mmpg123      [0m [0;90m|[0m
[0;90m|[0m [1;34m9   [0m [0;90m|[0m [1;36mVoice of Guyana                           [0m [0;90m|[0m [1;32mworking   [0m [0;90m|[0m [1;35mmpg123      [0m [0;90m|[0m
[0;90m|[0m [1;34m10  [0m [0;90m|[0m [1;36mGTriddim Guyana Radio                     [0m [0;90m|[0m [1;31mbroken    [0m [0;90m|[0m [1;35munknown     [0m [0;90m|[0m
[0;90m|[0m [1;34m11  [0m [0;90m|[0m [1;36mGuyane 1ère                              [0m [0;90m|[0m [1;32mworking   [0m [0;90m|[0m [1;35mmpg123      [0m [0;90m|[0m
[0;90m|[0m [1;34m12  [0m [0;90m|[0m [1;36mTRACE FM                                  [0m [0;90m|[0m [1;32mworking   [0m [0;90m|[0m [1;35mAAC         [0m [0;90m|[0m
[0;90m|[0m [1;34m13  [0m [0;90m|[0m [1;36mAntenna Web Georgetown                    [0m [0;90m|[0m [1;32mworking   [0m [0;90m|[0m [1;35mmpg123      [0m [0;90m|[0m
[0;90m|[0m [1;34m14  [0m [0;90m|[0m [1;36m95.5 INTELLIGENT FM                       [0m [0;90m|[0m [1;32mworking   [0m [0;90m|[0m [1;35munknown     [0m [0;90m|[0m
[0;90m+------+--------------------------------------------+------------+--------------+
[0mNo next page. Finished.

[1;32mSaved 14 stations to scraped_data/Guyana/onlineradiobox.json[0m
