[1;36m==================================================[0m
[1;33mScraping Kenya (ke) - Auto Pagination[0m
[1;36m==================================================[0m

[1;36mFetching page 0:[0m https://onlineradiobox.com/ke/?p=0
[0;90m+------+--------------------------------------------+------------+--------------+
[0m[0;90m|[0m [1;37mNo  [0m [0;90m|[0m [1;37mStation                                   [0m [0;90m|[0m [1;37mStatus    [0m [0;90m|[0m [1;37mFormat      [0m [0;90m|[0m
[0;90m+------+--------------------------------------------+------------+--------------+
[0m[0;90m|[0m [1;34m1   [0m [0;90m|[0m [1;36mJesus is Lord Radio                       [0m [0;90m|[0m [1;32mworking   [0m [0;90m|[0m [1;35mmpg123      [0m [0;90m|[0m
[0;90m|[0m [1;34m2   [0m [0;90m|[0m [1;36mMt Zion Radio KE                          [0m [0;90m|[0m [1;32mworking   [0m [0;90m|[0m [1;35mmpg123      [0m [0;90m|[0m
[0;90m|[0m [1;34m3   [0m [0;90m|[0m [1;36mClassic 105                               [0m [0;90m|[0m [1;32mworking   [0m [0;90m|[0m [1;35mmpg123      [0m [0;90m|[0m
[0;90m|[0m [1;34m4   [0m [0;90m|[0m [1;36mKameme FM                                 [0m [0;90m|[0m [1;32mworking   [0m [0;90m|[0m [1;35mAAC         [0m [0;90m|[0m
[0;90m|[0m [1;34m5   [0m [0;90m|[0m [1;36mNRG Radio                                 [0m [0;90m|[0m [1;32mworking   [0m [0;90m|[0m [1;35mmpg123      [0m [0;90m|[0m
[0;90m|[0m [1;34m6   [0m [0;90m|[0m [1;36mRelax 103 Fm                              [0m [0;90m|[0m [1;32mworking   [0m [0;90m|[0m [1;35mmpg123      [0m [0;90m|[0m
[0;90m|[0m [1;34m7   [0m [0;90m|[0m [1;36mHomeboyz Radio                            [0m [0;90m|[0m [1;32mworking   [0m [0;90m|[0m [1;35mAAC         [0m [0;90m|[0m
[0;90m|[0m [1;34m8   [0m [0;90m|[0m [1;36mRadio Jambo                               [0m [0;90m|[0m [1;32mworking   [0m [0;90m|[0m [1;35mAAC         [0m [0;90m|[0m
[0;90m|[0m [1;34m9   [0m [0;90m|[0m [1;36mKiss 100 Kenya                            [0m [0;90m|[0m [1;32mworking   [0m [0;90m|[0m [1;35mAAC         [0m [0;90m|[0m
[0;90m|[0m [1;34m10  [0m [0;90m|[0m [1;36mGhetto Radio                              [0m [0;90m|[0m [1;32mworking   [0m [0;90m|[0m [1;35mmpg123      [0m [0;90m|[0m
[0;90m|[0m [1;34m11  [0m [0;90m|[0m [1;36mRadio Waumini                             [0m [0;90m|[0m [1;32mworking   [0m [0;90m|[0m [1;35mmpg123      [0m [0;90m|[0m
[0;90m|[0m [1;34m12  [0m [0;90m|[0m [1;36mJuja Region                               [0m [0;90m|[0m [1;32mworking   [0m [0;90m|[0m [1;35mmpg123      [0m [0;90m|[0m
[0;90m|[0m [1;34m13  [0m [0;90m|[0m [1;36mHope FM                                   [0m [0;90m|[0m [1;32mworking   [0m [0;90m|[0m [1;35mmpg123      [0m [0;90m|[0m
[0;90m|[0m [1;34m14  [0m [0;90m|[0m [1;36mCapital Fm Kenya                          [0m [0;90m|[0m [1;32mworking   [0m [0;90m|[0m [1;35mmpg123      [0m [0;90m|[0m
[0;90m|[0m [1;34m15  [0m [0;90m|[0m [1;36mMilele FM                                 [0m [0;90m|[0m [1;32mworking   [0m [0;90m|[0m [1;35mAAC         [0m [0;90m|[0m
[0;90m|[0m [1;34m16  [0m [0;90m|[0m [1;36mCampus Radio Kenya                        [0m [0;90m|[0m [1;32mworking   [0m [0;90m|[0m [1;35mAAC         [0m [0;90m|[0m
[0;90m|[0m [1;34m17  [0m [0;90m|[0m [1;36mRadio 47                                  [0m [0;90m|[0m [1;32mworking   [0m [0;90m|[0m [1;35mmpg123      [0m [0;90m|[0m
[0;90m|[0m [1;34m18  [0m [0;90m|[0m [1;36mMakinika Radio                            [0m [0;90m|[0m [1;31mbroken    [0m [0;90m|[0m [1;35munknown     [0m [0;90m|[0m
[0;90m|[0m [1;34m19  [0m [0;90m|[0m [1;36mRafiki-Farm Main Altar                    [0m [0;90m|[0m [1;31mbroken    [0m [0;90m|[0m [1;35munknown     [0m [0;90m|[0m
[0;90m|[0m [1;34m20  [0m [0;90m|[0m [1;36mGee Radio                                 [0m [0;90m|[0m [1;32mworking   [0m [0;90m|[0m [1;35mmpg123      [0m [0;90m|[0m
[0;90m|[0m [1;34m21  [0m [0;90m|[0m [1;36mMixx Radio                                [0m [0;90m|[0m [1;32mworking   [0m [0;90m|[0m [1;35mmpg123      [0m [0;90m|[0m
[0;90m|[0m [1;34m22  [0m [0;90m|[0m [1;36mSmash Jam Radio                           [0m [0;90m|[0m [1;32mworking   [0m [0;90m|[0m [1;35mmpg123      [0m [0;90m|[0m
[0;90m|[0m [1;34m23  [0m [0;90m|[0m [1;36mTHOME F.M                                 [0m [0;90m|[0m [1;32mworking   [0m [0;90m|[0m [1;35mmpg123      [0m [0;90m|[0m
[0;90m|[0m [1;34m24  [0m [0;90m|[0m [1;36mTrace FM Kenya                            [0m [0;90m|[0m [1;31mbroken    [0m [0;90m|[0m [1;35munknown     [0m [0;90m|[0m
[0;90m|[0m [1;34m25  [0m [0;90m|[0m [1;36mPearl Radio Ke                            [0m [0;90m|[0m [1;32mworking   [0m [0;90m|[0m [1;35mmpg123      [0m [0;90m|[0m
[0;90m+------+--------------------------------------------+------------+--------------+
[0m
[1;36mFetching page 1:[0m https://onlineradiobox.com/ke/?p=1
[0;90m+------+--------------------------------------------+------------+--------------+
[0m[0;90m|[0m [1;37mNo  [0m [0;90m|[0m [1;37mStation                                   [0m [0;90m|[0m [1;37mStatus    [0m [0;90m|[0m [1;37mFormat      [0m [0;90m|[0m
[0;90m+------+--------------------------------------------+------------+--------------+
[0m[0;90m|[0m [1;34m1   [0m [0;90m|[0m [1;36mKericho Main Altar Radio                  [0m [0;90m|[0m [1;31mbroken    [0m [0;90m|[0m [1;35munknown     [0m [0;90m|[0m
[0;90m|[0m [1;34m2   [0m [0;90m|[0m [1;36mFavor Radio                               [0m [0;90m|[0m [1;31mbroken    [0m [0;90m|[0m [1;35munknown     [0m [0;90m|[0m
[0;90m|[0m [1;34m3   [0m [0;90m|[0m [1;36mRadio Citizen                             [0m [0;90m|[0m [1;32mworking   [0m [0;90m|[0m [1;35mAAC         [0m [0;90m|[0m
[0;90m|[0m [1;34m4   [0m [0;90m|[0m [1;36mHiphop Gin                                [0m [0;90m|[0m [1;32mworking   [0m [0;90m|[0m [1;35mAAC         [0m [0;90m|[0m
[0;90m|[0m [1;34m5   [0m [0;90m|[0m [1;36mSoftRadio Station                         [0m [0;90m|[0m [1;32mworking   [0m [0;90m|[0m [1;35mmpg123      [0m [0;90m|[0m
[0;90m|[0m [1;34m6   [0m [0;90m|[0m [1;36mMwangaza Wa Neno Fm                       [0m [0;90m|[0m [1;32mworking   [0m [0;90m|[0m [1;35mmpg123      [0m [0;90m|[0m
[0;90m|[0m [1;34m7   [0m [0;90m|[0m [1;36mMayian FM                                 [0m [0;90m|[0m [1;32mworking   [0m [0;90m|[0m [1;35mAAC         [0m [0;90m|[0m
[0;90m|[0m [1;34m8   [0m [0;90m|[0m [1;36mTHOME F.M                                 [0m [0;90m|[0m [1;32mworking   [0m [0;90m|[0m [1;35mmpg123      [0m [0;90m|[0m
[0;90m|[0m [1;34m9   [0m [0;90m|[0m [1;36mPearl Radio Ke                            [0m [0;90m|[0m [1;32mworking   [0m [0;90m|[0m [1;35mmpg123      [0m [0;90m|[0m
[0;90m|[0m [1;34m10  [0m [0;90m|[0m [1;36mXFM Kenya                                 [0m [0;90m|[0m [1;32mworking   [0m [0;90m|[0m [1;35mmpg123      [0m [0;90m|[0m
[0;90m|[0m [1;34m11  [0m [0;90m|[0m [1;36mLIVECITY  RADIO Ke                        [0m [0;90m|[0m [1;32mworking   [0m [0;90m|[0m [1;35mmpg123      [0m [0;90m|[0m
[0;90m|[0m [1;34m12  [0m [0;90m|[0m [1;36mMeru Radio                                [0m [0;90m|[0m [1;32mworking   [0m [0;90m|[0m [1;35mAAC         [0m [0;90m|[0m
[0;90m|[0m [1;34m13  [0m [0;90m|[0m [1;36mBiblia Husema                             [0m [0;90m|[0m [1;32mworking   [0m [0;90m|[0m [1;35mmpg123      [0m [0;90m|[0m
[0;90m|[0m [1;34m14  [0m [0;90m|[0m [1;36mHero Fm                                   [0m [0;90m|[0m [1;31mbroken    [0m [0;90m|[0m [1;35munknown     [0m [0;90m|[0m
[0;90m|[0m [1;34m15  [0m [0;90m|[0m [1;36mJabulani Radio                            [0m [0;90m|[0m [1;32mworking   [0m [0;90m|[0m [1;35mmpg123      [0m [0;90m|[0m
[0;90m|[0m [1;34m16  [0m [0;90m|[0m [1;36m560 Christian Radio                       [0m [0;90m|[0m [1;31mbroken    [0m [0;90m|[0m [1;35munknown     [0m [0;90m|[0m
[0;90m|[0m [1;34m17  [0m [0;90m|[0m [1;36mDapstrem Radio                            [0m [0;90m|[0m [1;32mworking   [0m [0;90m|[0m [1;35mmpg123      [0m [0;90m|[0m
[0;90m|[0m [1;34m18  [0m [0;90m|[0m [1;36mGalaxy FM                                 [0m [0;90m|[0m [1;32mworking   [0m [0;90m|[0m [1;35mAAC         [0m [0;90m|[0m
[0;90m|[0m [1;34m19  [0m [0;90m|[0m [1;36m560 Power Country                         [0m [0;90m|[0m [1;32mworking   [0m [0;90m|[0m [1;35mmpg123      [0m [0;90m|[0m
[0;90m|[0m [1;34m20  [0m [0;90m|[0m [1;36mKass FM                                   [0m [0;90m|[0m [1;31mbroken    [0m [0;90m|[0m [1;35munknown     [0m [0;90m|[0m
[0;90m|[0m [1;34m21  [0m [0;90m|[0m [1;36mÚtúúro Radio                           [0m [0;90m|[0m [1;31mbroken    [0m [0;90m|[0m [1;35munknown     [0m [0;90m|[0m
[0;90m|[0m [1;34m22  [0m [0;90m|[0m [1;36m560 Smooth Jazz                           [0m [0;90m|[0m [1;32mworking   [0m [0;90m|[0m [1;35mmpg123      [0m [0;90m|[0m
[0;90m|[0m [1;34m23  [0m [0;90m|[0m [1;36mM Radio                                   [0m [0;90m|[0m [1;32mworking   [0m [0;90m|[0m [1;35mmpg123      [0m [0;90m|[0m
[0;90m|[0m [1;34m24  [0m [0;90m|[0m [1;36miFM - The Party Station                   [0m [0;90m|[0m [1;32mworking   [0m [0;90m|[0m [1;35mmpg123      [0m [0;90m|[0m
[0;90m|[0m [1;34m25  [0m [0;90m|[0m [1;36mGCN Radio                                 [0m [0;90m|[0m [1;32mworking   [0m [0;90m|[0m [1;35mmpg123      [0m [0;90m|[0m
[0;90m+------+--------------------------------------------+------------+--------------+
[0m
[1;36mFetching page 2:[0m https://onlineradiobox.com/ke/?p=2
[0;90m+------+--------------------------------------------+------------+--------------+
[0m[0;90m|[0m [1;37mNo  [0m [0;90m|[0m [1;37mStation                                   [0m [0;90m|[0m [1;37mStatus    [0m [0;90m|[0m [1;37mFormat      [0m [0;90m|[0m
[0;90m+------+--------------------------------------------+------------+--------------+
[0m[0;90m|[0m [1;34m1   [0m [0;90m|[0m [1;36mMwaki FM                                  [0m [0;90m|[0m [1;31mbroken    [0m [0;90m|[0m [1;35munknown     [0m [0;90m|[0m
[0;90m|[0m [1;34m2   [0m [0;90m|[0m [1;36mFamily Radio 316                          [0m [0;90m|[0m [1;32mworking   [0m [0;90m|[0m [1;35mmpg123      [0m [0;90m|[0m
[0;90m|[0m [1;34m3   [0m [0;90m|[0m [1;36mIced Radio                                [0m [0;90m|[0m [1;32mworking   [0m [0;90m|[0m [1;35mmpg123      [0m [0;90m|[0m
[0;90m|[0m [1;34m4   [0m [0;90m|[0m [1;36mRamogi FM                                 [0m [0;90m|[0m [1;32mworking   [0m [0;90m|[0m [1;35mfaad        [0m [0;90m|[0m
[0;90m|[0m [1;34m5   [0m [0;90m|[0m [1;36mBethel Radio (Kenya)                      [0m [0;90m|[0m [1;32mworking   [0m [0;90m|[0m [1;35mmpg123      [0m [0;90m|[0m
[0;90m|[0m [1;34m6   [0m [0;90m|[0m [1;36mPilipili FM                               [0m [0;90m|[0m [1;31mbroken    [0m [0;90m|[0m [1;35munknown     [0m [0;90m|[0m
[0;90m|[0m [1;34m7   [0m [0;90m|[0m [1;36mTruth FM                                  [0m [0;90m|[0m [1;32mworking   [0m [0;90m|[0m [1;35mmpg123      [0m [0;90m|[0m
[0;90m|[0m [1;34m8   [0m [0;90m|[0m [1;36mNuru Naiangaze Radio (Kenya)              [0m [0;90m|[0m [1;32mworking   [0m [0;90m|[0m [1;35mfaad        [0m [0;90m|[0m
[0;90m|[0m [1;34m9   [0m [0;90m|[0m [1;36mQuest Radio                               [0m [0;90m|[0m [1;31mbroken    [0m [0;90m|[0m [1;35munknown     [0m [0;90m|[0m
[0;90m|[0m [1;34m10  [0m [0;90m|[0m [1;36mMugambo Wa Mugikuyu FM                    [0m [0;90m|[0m [1;32mworking   [0m [0;90m|[0m [1;35mmpg123      [0m [0;90m|[0m
[0;90m|[0m [1;34m11  [0m [0;90m|[0m [1;36mRadio Maria                               [0m [0;90m|[0m [1;32mworking   [0m [0;90m|[0m [1;35mAAC         [0m [0;90m|[0m
[0;90m|[0m [1;34m12  [0m [0;90m|[0m [1;36mBikapkoret Radio                          [0m [0;90m|[0m [1;32mworking   [0m [0;90m|[0m [1;35munknown     [0m [0;90m|[0m
[0;90m|[0m [1;34m13  [0m [0;90m|[0m [1;36mRadio44 Kenya                             [0m [0;90m|[0m [1;32mworking   [0m [0;90m|[0m [1;35mmpg123      [0m [0;90m|[0m
[0;90m|[0m [1;34m14  [0m [0;90m|[0m [1;36mMoHits Radio                              [0m [0;90m|[0m [1;32mworking   [0m [0;90m|[0m [1;35mmpg123      [0m [0;90m|[0m
[0;90m|[0m [1;34m15  [0m [0;90m|[0m [1;36mKBC English Service                       [0m [0;90m|[0m [1;32mworking   [0m [0;90m|[0m [1;35mmpg123      [0m [0;90m|[0m
[0;90m|[0m [1;34m16  [0m [0;90m|[0m [1;36mEgesa FM                                  [0m [0;90m|[0m [1;32mworking   [0m [0;90m|[0m [1;35mAAC         [0m [0;90m|[0m
[0;90m|[0m [1;34m17  [0m [0;90m|[0m [1;36mPraise Radio Kenya                        [0m [0;90m|[0m [1;32mworking   [0m [0;90m|[0m [1;35mmpg123      [0m [0;90m|[0m
[0;90m|[0m [1;34m18  [0m [0;90m|[0m [1;36mBloom Radio KE                            [0m [0;90m|[0m [1;32mworking   [0m [0;90m|[0m [1;35mmpg123      [0m [0;90m|[0m
[0;90m|[0m [1;34m19  [0m [0;90m|[0m [1;36mHey Radio Kenya                           [0m [0;90m|[0m [1;32mworking   [0m [0;90m|[0m [1;35mmpg123      [0m [0;90m|[0m
[0;90m|[0m [1;34m20  [0m [0;90m|[0m [1;36mOmoka Radio                               [0m [0;90m|[0m [1;31mbroken    [0m [0;90m|[0m [1;35munknown     [0m [0;90m|[0m
[0;90m|[0m [1;34m21  [0m [0;90m|[0m [1;36mSmash Jam Radio                           [0m [0;90m|[0m [1;32mworking   [0m [0;90m|[0m [1;35mmpg123      [0m [0;90m|[0m
[0;90m|[0m [1;34m22  [0m [0;90m|[0m [1;36mAdventist Angels Watchman                 [0m [0;90m|[0m [1;31mbroken    [0m [0;90m|[0m [1;35munknown     [0m [0;90m|[0m
[0;90m|[0m [1;34m23  [0m [0;90m|[0m [1;36mEast FM                                   [0m [0;90m|[0m [1;32mworking   [0m [0;90m|[0m [1;35mAAC         [0m [0;90m|[0m
[0;90m|[0m [1;34m24  [0m [0;90m|[0m [1;36mSportyFM                                  [0m [0;90m|[0m [1;32mworking   [0m [0;90m|[0m [1;35mmpg123      [0m [0;90m|[0m
[0;90m|[0m [1;34m25  [0m [0;90m|[0m [1;36mRadio 254                                 [0m [0;90m|[0m [1;32mworking   [0m [0;90m|[0m [1;35mmpg123      [0m [0;90m|[0m
[0;90m+------+--------------------------------------------+------------+--------------+
[0m
[1;36mFetching page 3:[0m https://onlineradiobox.com/ke/?p=3
[0;90m+------+--------------------------------------------+------------+--------------+
[0m[0;90m|[0m [1;37mNo  [0m [0;90m|[0m [1;37mStation                                   [0m [0;90m|[0m [1;37mStatus    [0m [0;90m|[0m [1;37mFormat      [0m [0;90m|[0m
[0;90m+------+--------------------------------------------+------------+--------------+
[0m[0;90m|[0m [1;34m1   [0m [0;90m|[0m [1;36mTzgospel (Kenya)                          [0m [0;90m|[0m [1;31mbroken    [0m [0;90m|[0m [1;35munknown     [0m [0;90m|[0m
[0;90m|[0m [1;34m2   [0m [0;90m|[0m [1;36mMsenangu FM                               [0m [0;90m|[0m [1;32mworking   [0m [0;90m|[0m [1;35mAAC         [0m [0;90m|[0m
[0;90m|[0m [1;34m3   [0m [0;90m|[0m [1;36mRadio Generation                          [0m [0;90m|[0m [1;32mworking   [0m [0;90m|[0m [1;35mmpg123      [0m [0;90m|[0m
[0;90m|[0m [1;34m4   [0m [0;90m|[0m [1;36mAdventist Angels Watchman                 [0m [0;90m|[0m [1;31mbroken    [0m [0;90m|[0m [1;35munknown     [0m [0;90m|[0m
[0;90m|[0m [1;34m5   [0m [0;90m|[0m [1;36mFlamingo Radio                            [0m [0;90m|[0m [1;32mworking   [0m [0;90m|[0m [1;35mmpg123      [0m [0;90m|[0m
[0;90m|[0m [1;34m6   [0m [0;90m|[0m [1;36mCambridge Radio Kitale                    [0m [0;90m|[0m [1;32mworking   [0m [0;90m|[0m [1;35mmpg123      [0m [0;90m|[0m
[0;90m|[0m [1;34m7   [0m [0;90m|[0m [1;36mBlackpen Radio                            [0m [0;90m|[0m [1;32mworking   [0m [0;90m|[0m [1;35mmpg123      [0m [0;90m|[0m
[0;90m|[0m [1;34m8   [0m [0;90m|[0m [1;36mMuuga Fm                                  [0m [0;90m|[0m [1;32mworking   [0m [0;90m|[0m [1;35mAAC         [0m [0;90m|[0m
[0;90m|[0m [1;34m9   [0m [0;90m|[0m [1;36mNorth Rift Radio                          [0m [0;90m|[0m [1;32mworking   [0m [0;90m|[0m [1;35mmpg123      [0m [0;90m|[0m
[0;90m|[0m [1;34m10  [0m [0;90m|[0m [1;36mVuuka Fm                                  [0m [0;90m|[0m [1;32mworking   [0m [0;90m|[0m [1;35mAAC         [0m [0;90m|[0m
[0;90m|[0m [1;34m11  [0m [0;90m|[0m [1;36mKijito Cha Uzima FM                       [0m [0;90m|[0m [1;32mworking   [0m [0;90m|[0m [1;35mmpg123      [0m [0;90m|[0m
[0;90m|[0m [1;34m12  [0m [0;90m|[0m [1;36mMusyi FM                                  [0m [0;90m|[0m [1;32mworking   [0m [0;90m|[0m [1;35mAAC         [0m [0;90m|[0m
[0;90m|[0m [1;34m13  [0m [0;90m|[0m [1;36mMighty Love Radio                         [0m [0;90m|[0m [1;32mworking   [0m [0;90m|[0m [1;35mmpg123      [0m [0;90m|[0m
[0;90m|[0m [1;34m14  [0m [0;90m|[0m [1;36mAbundance360 Live                         [0m [0;90m|[0m [1;31mbroken    [0m [0;90m|[0m [1;35munknown     [0m [0;90m|[0m
[0;90m|[0m [1;34m15  [0m [0;90m|[0m [1;36mLionafriQ Radio                           [0m [0;90m|[0m [1;32mworking   [0m [0;90m|[0m [1;35mmpg123      [0m [0;90m|[0m
[0;90m|[0m [1;34m16  [0m [0;90m|[0m [1;36mMúingí Fm                               [0m [0;90m|[0m [1;32mworking   [0m [0;90m|[0m [1;35mmpg123      [0m [0;90m|[0m
[0;90m|[0m [1;34m17  [0m [0;90m|[0m [1;36mJESUS IS THE WAY RADIO                    [0m [0;90m|[0m [1;31mbroken    [0m [0;90m|[0m [1;35munknown     [0m [0;90m|[0m
[0;90m|[0m [1;34m18  [0m [0;90m|[0m [1;36mFuse Radio                                [0m [0;90m|[0m [1;31mbroken    [0m [0;90m|[0m [1;35munknown     [0m [0;90m|[0m
[0;90m|[0m [1;34m19  [0m [0;90m|[0m [1;36mRadio Halisi                              [0m [0;90m|[0m [1;32mworking   [0m [0;90m|[0m [1;35mmpg123      [0m [0;90m|[0m
[0;90m|[0m [1;34m20  [0m [0;90m|[0m [1;36mDft News Radio                            [0m [0;90m|[0m [1;32mworking   [0m [0;90m|[0m [1;35munknown     [0m [0;90m|[0m
[0;90m|[0m [1;34m21  [0m [0;90m|[0m [1;36mDa Radio                                  [0m [0;90m|[0m [1;32mworking   [0m [0;90m|[0m [1;35mmpg123      [0m [0;90m|[0m
[0;90m|[0m [1;34m22  [0m [0;90m|[0m [1;36mBahari FM                                 [0m [0;90m|[0m [1;32mworking   [0m [0;90m|[0m [1;35mAAC         [0m [0;90m|[0m
[0;90m|[0m [1;34m23  [0m [0;90m|[0m [1;36mRadio Simba 91.3 FM                       [0m [0;90m|[0m [1;31mbroken    [0m [0;90m|[0m [1;35munknown     [0m [0;90m|[0m
[0;90m|[0m [1;34m24  [0m [0;90m|[0m [1;36mPango Radio                               [0m [0;90m|[0m [1;32mworking   [0m [0;90m|[0m [1;35mmpg123      [0m [0;90m|[0m
[0;90m|[0m [1;34m25  [0m [0;90m|[0m [1;36mBiblical Faith Radio                      [0m [0;90m|[0m [1;32mworking   [0m [0;90m|[0m [1;35mmpg123      [0m [0;90m|[0m
[0;90m+------+--------------------------------------------+------------+--------------+
[0m
[1;36mFetching page 4:[0m https://onlineradiobox.com/ke/?p=4
[0;90m+------+--------------------------------------------+------------+--------------+
[0m[0;90m|[0m [1;37mNo  [0m [0;90m|[0m [1;37mStation                                   [0m [0;90m|[0m [1;37mStatus    [0m [0;90m|[0m [1;37mFormat      [0m [0;90m|[0m
[0;90m+------+--------------------------------------------+------------+--------------+
[0m[0;90m|[0m [1;34m1   [0m [0;90m|[0m [1;36mWestcoast Radio                           [0m [0;90m|[0m [1;32mworking   [0m [0;90m|[0m [1;35mmpg123      [0m [0;90m|[0m
[0;90m|[0m [1;34m2   [0m [0;90m|[0m [1;36mHoodRadio Kenya                           [0m [0;90m|[0m [1;32mworking   [0m [0;90m|[0m [1;35mmpg123      [0m [0;90m|[0m
[0;90m|[0m [1;34m3   [0m [0;90m|[0m [1;36mGotchscape Radio                          [0m [0;90m|[0m [1;32mworking   [0m [0;90m|[0m [1;35mmpg123      [0m [0;90m|[0m
[0;90m|[0m [1;34m4   [0m [0;90m|[0m [1;36mMoroni Gospel Online Radio Africa         [0m [0;90m|[0m [1;31mbroken    [0m [0;90m|[0m [1;35munknown     [0m [0;90m|[0m
[0;90m|[0m [1;34m5   [0m [0;90m|[0m [1;36mIdentity Radio                            [0m [0;90m|[0m [1;31mbroken    [0m [0;90m|[0m [1;35munknown     [0m [0;90m|[0m
[0;90m|[0m [1;34m6   [0m [0;90m|[0m [1;36mSulwe FM                                  [0m [0;90m|[0m [1;32mworking   [0m [0;90m|[0m [1;35mAAC         [0m [0;90m|[0m
[0;90m|[0m [1;34m7   [0m [0;90m|[0m [1;36mThe Guardian Radio                        [0m [0;90m|[0m [1;32mworking   [0m [0;90m|[0m [1;35mmpg123      [0m [0;90m|[0m
[0;90m|[0m [1;34m8   [0m [0;90m|[0m [1;36mIslando Radio Ke                          [0m [0;90m|[0m [1;32mworking   [0m [0;90m|[0m [1;35mmpg123      [0m [0;90m|[0m
[0;90m|[0m [1;34m9   [0m [0;90m|[0m [1;36mNyumba ya Mumbi fm                        [0m [0;90m|[0m [1;31mbroken    [0m [0;90m|[0m [1;35munknown     [0m [0;90m|[0m
[0;90m|[0m [1;34m10  [0m [0;90m|[0m [1;36mVarch Radio                               [0m [0;90m|[0m [1;32mworking   [0m [0;90m|[0m [1;35mmpg123      [0m [0;90m|[0m
[0;90m|[0m [1;34m11  [0m [0;90m|[0m [1;36mMwananchi Radio Maua                      [0m [0;90m|[0m [1;32mworking   [0m [0;90m|[0m [1;35mmpg123      [0m [0;90m|[0m
[0;90m|[0m [1;34m12  [0m [0;90m|[0m [1;36mCambridge Radio                           [0m [0;90m|[0m [1;32mworking   [0m [0;90m|[0m [1;35mmpg123      [0m [0;90m|[0m
[0;90m|[0m [1;34m13  [0m [0;90m|[0m [1;36mRiri Radio                                [0m [0;90m|[0m [1;32mworking   [0m [0;90m|[0m [1;35mmpg123      [0m [0;90m|[0m
[0;90m|[0m [1;34m14  [0m [0;90m|[0m [1;36mMurata Radio                              [0m [0;90m|[0m [1;31mbroken    [0m [0;90m|[0m [1;35munknown     [0m [0;90m|[0m
[0;90m|[0m [1;34m15  [0m [0;90m|[0m [1;36mHot96 FM                                  [0m [0;90m|[0m [1;32mworking   [0m [0;90m|[0m [1;35mAAC         [0m [0;90m|[0m
[0;90m|[0m [1;34m16  [0m [0;90m|[0m [1;36mNyamasaria Fm Radio                       [0m [0;90m|[0m [1;32mworking   [0m [0;90m|[0m [1;35mmpg123      [0m [0;90m|[0m
[0;90m|[0m [1;34m17  [0m [0;90m|[0m [1;36mRainbow Radio                             [0m [0;90m|[0m [1;32mworking   [0m [0;90m|[0m [1;35mmpg123      [0m [0;90m|[0m
[0;90m|[0m [1;34m18  [0m [0;90m|[0m [1;36mBossNana International Radio              [0m [0;90m|[0m [1;32mworking   [0m [0;90m|[0m [1;35mmpg123      [0m [0;90m|[0m
[0;90m|[0m [1;34m19  [0m [0;90m|[0m [1;36mMBA Radio                                 [0m [0;90m|[0m [1;32mworking   [0m [0;90m|[0m [1;35mmpg123      [0m [0;90m|[0m
[0;90m|[0m [1;34m20  [0m [0;90m|[0m [1;36mBaraka FM                                 [0m [0;90m|[0m [1;32mworking   [0m [0;90m|[0m [1;35mmpg123      [0m [0;90m|[0m
[0;90m|[0m [1;34m21  [0m [0;90m|[0m [1;36mInooro FM                                 [0m [0;90m|[0m [1;32mworking   [0m [0;90m|[0m [1;35mAAC         [0m [0;90m|[0m
[0;90m|[0m [1;34m22  [0m [0;90m|[0m [1;36mMidzi Radio                               [0m [0;90m|[0m [1;32mworking   [0m [0;90m|[0m [1;35mmpg123      [0m [0;90m|[0m
[0;90m|[0m [1;34m23  [0m [0;90m|[0m [1;36mRadio Daima                               [0m [0;90m|[0m [1;32mworking   [0m [0;90m|[0m [1;35mmpg123      [0m [0;90m|[0m
[0;90m|[0m [1;34m24  [0m [0;90m|[0m [1;36mHali Radio                                [0m [0;90m|[0m [1;32mworking   [0m [0;90m|[0m [1;35mmpg123      [0m [0;90m|[0m
[0;90m|[0m [1;34m25  [0m [0;90m|[0m [1;36mRadio Sahara                              [0m [0;90m|[0m [1;32mworking   [0m [0;90m|[0m [1;35munknown     [0m [0;90m|[0m
[0;90m+------+--------------------------------------------+------------+--------------+
[0m
[1;36mFetching page 5:[0m https://onlineradiobox.com/ke/?p=5
[0;90m+------+--------------------------------------------+------------+--------------+
[0m[0;90m|[0m [1;37mNo  [0m [0;90m|[0m [1;37mStation                                   [0m [0;90m|[0m [1;37mStatus    [0m [0;90m|[0m [1;37mFormat      [0m [0;90m|[0m
[0;90m+------+--------------------------------------------+------------+--------------+
[0m[0;90m|[0m [1;34m1   [0m [0;90m|[0m [1;36mMulembe FM                                [0m [0;90m|[0m [1;32mworking   [0m [0;90m|[0m [1;35mAAC         [0m [0;90m|[0m
[0;90m|[0m [1;34m2   [0m [0;90m|[0m [1;36mMellow Cream Radio                        [0m [0;90m|[0m [1;32mworking   [0m [0;90m|[0m [1;35mAAC         [0m [0;90m|[0m
[0;90m|[0m [1;34m3   [0m [0;90m|[0m [1;36mStation Beta                              [0m [0;90m|[0m [1;32mworking   [0m [0;90m|[0m [1;35mmpg123      [0m [0;90m|[0m
[0;90m|[0m [1;34m4   [0m [0;90m|[0m [1;36mTaarab Radio                              [0m [0;90m|[0m [1;31mbroken    [0m [0;90m|[0m [1;35munknown     [0m [0;90m|[0m
[0;90m|[0m [1;34m5   [0m [0;90m|[0m [1;36mP G RADIOke                               [0m [0;90m|[0m [1;31mbroken    [0m [0;90m|[0m [1;35munknown     [0m [0;90m|[0m
[0;90m|[0m [1;34m6   [0m [0;90m|[0m [1;36mrcmedia                                   [0m [0;90m|[0m [1;32mworking   [0m [0;90m|[0m [1;35mmpg123      [0m [0;90m|[0m
[0;90m|[0m [1;34m7   [0m [0;90m|[0m [1;36mHitsonlineradio                           [0m [0;90m|[0m [1;32mworking   [0m [0;90m|[0m [1;35mmpg123      [0m [0;90m|[0m
[0;90m|[0m [1;34m8   [0m [0;90m|[0m [1;36mEmoo FM                                   [0m [0;90m|[0m [1;32mworking   [0m [0;90m|[0m [1;35mAAC         [0m [0;90m|[0m
[0;90m|[0m [1;34m9   [0m [0;90m|[0m [1;36mThegi Radio                               [0m [0;90m|[0m [1;32mworking   [0m [0;90m|[0m [1;35mmpg123      [0m [0;90m|[0m
[0;90m|[0m [1;34m10  [0m [0;90m|[0m [1;36mRadio K                                   [0m [0;90m|[0m [1;32mworking   [0m [0;90m|[0m [1;35mmpg123      [0m [0;90m|[0m
[0;90m|[0m [1;34m11  [0m [0;90m|[0m [1;36mMediaZone Radio                           [0m [0;90m|[0m [1;32mworking   [0m [0;90m|[0m [1;35mmpg123      [0m [0;90m|[0m
[0;90m|[0m [1;34m12  [0m [0;90m|[0m [1;36mBoost Fm                                  [0m [0;90m|[0m [1;32mworking   [0m [0;90m|[0m [1;35munknown     [0m [0;90m|[0m
[0;90m|[0m [1;34m13  [0m [0;90m|[0m [1;36mM37 Radio                                 [0m [0;90m|[0m [1;32mworking   [0m [0;90m|[0m [1;35mmpg123      [0m [0;90m|[0m
[0;90m|[0m [1;34m14  [0m [0;90m|[0m [1;36mAsriel Radio                              [0m [0;90m|[0m [1;32mworking   [0m [0;90m|[0m [1;35mmpg123      [0m [0;90m|[0m
[0;90m|[0m [1;34m15  [0m [0;90m|[0m [1;36mVictorious Lord Seekers                   [0m [0;90m|[0m [1;31mbroken    [0m [0;90m|[0m [1;35munknown     [0m [0;90m|[0m
[0;90m|[0m [1;34m16  [0m [0;90m|[0m [1;36mVBN radio                                 [0m [0;90m|[0m [1;32mworking   [0m [0;90m|[0m [1;35munknown     [0m [0;90m|[0m
[0;90m|[0m [1;34m17  [0m [0;90m|[0m [1;36mSpice FM                                  [0m [0;90m|[0m [1;32mworking   [0m [0;90m|[0m [1;35mAAC         [0m [0;90m|[0m
[0;90m|[0m [1;34m18  [0m [0;90m|[0m [1;36mCountry Legacy Radio                      [0m [0;90m|[0m [1;31mbroken    [0m [0;90m|[0m [1;35munknown     [0m [0;90m|[0m
[0;90m|[0m [1;34m19  [0m [0;90m|[0m [1;36mLubao FM                                  [0m [0;90m|[0m [1;31mbroken    [0m [0;90m|[0m [1;35munknown     [0m [0;90m|[0m
[0;90m|[0m [1;34m20  [0m [0;90m|[0m [1;36mRadio Safina                              [0m [0;90m|[0m [1;32mworking   [0m [0;90m|[0m [1;35mmpg123      [0m [0;90m|[0m
[0;90m|[0m [1;34m21  [0m [0;90m|[0m [1;36mKenya1 Fm Live                            [0m [0;90m|[0m [1;32mworking   [0m [0;90m|[0m [1;35mmpg123      [0m [0;90m|[0m
[0;90m|[0m [1;34m22  [0m [0;90m|[0m [1;36mCoELIB Radio                              [0m [0;90m|[0m [1;32mworking   [0m [0;90m|[0m [1;35mmpg123      [0m [0;90m|[0m
[0;90m|[0m [1;34m23  [0m [0;90m|[0m [1;36mBlitz fm 254                              [0m [0;90m|[0m [1;32mworking   [0m [0;90m|[0m [1;35mmpg123      [0m [0;90m|[0m
[0;90m|[0m [1;34m24  [0m [0;90m|[0m [1;36mUIGUITHANIO FM                            [0m [0;90m|[0m [1;32mworking   [0m [0;90m|[0m [1;35mmpg123      [0m [0;90m|[0m
[0;90m|[0m [1;34m25  [0m [0;90m|[0m [1;36mSound Asia FM                             [0m [0;90m|[0m [1;31mbroken    [0m [0;90m|[0m [1;35munknown     [0m [0;90m|[0m
[0;90m+------+--------------------------------------------+------------+--------------+
[0m
[1;36mFetching page 6:[0m https://onlineradiobox.com/ke/?p=6
[0;90m+------+--------------------------------------------+------------+--------------+
[0m[0;90m|[0m [1;37mNo  [0m [0;90m|[0m [1;37mStation                                   [0m [0;90m|[0m [1;37mStatus    [0m [0;90m|[0m [1;37mFormat      [0m [0;90m|[0m
[0;90m+------+--------------------------------------------+------------+--------------+
[0m[0;90m|[0m [1;34m1   [0m [0;90m|[0m [1;36mUptown Radio                              [0m [0;90m|[0m [1;32mworking   [0m [0;90m|[0m [1;35mmpg123      [0m [0;90m|[0m
[0;90m|[0m [1;34m2   [0m [0;90m|[0m [1;36mVogue Play                                [0m [0;90m|[0m [1;32mworking   [0m [0;90m|[0m [1;35mmpg123      [0m [0;90m|[0m
[0;90m|[0m [1;34m3   [0m [0;90m|[0m [1;36mCountryPride Fm                           [0m [0;90m|[0m [1;32mworking   [0m [0;90m|[0m [1;35mAAC         [0m [0;90m|[0m
[0;90m|[0m [1;34m4   [0m [0;90m|[0m [1;36mChania FM                                 [0m [0;90m|[0m [1;31mbroken    [0m [0;90m|[0m [1;35munknown     [0m [0;90m|[0m
[0;90m|[0m [1;34m5   [0m [0;90m|[0m [1;36mPEPEA RADIO                               [0m [0;90m|[0m [1;32mworking   [0m [0;90m|[0m [1;35mmpg123      [0m [0;90m|[0m
[0;90m|[0m [1;34m6   [0m [0;90m|[0m [1;36mJerusalem Radio                           [0m [0;90m|[0m [1;32mworking   [0m [0;90m|[0m [1;35mmpg123      [0m [0;90m|[0m
[0;90m|[0m [1;34m7   [0m [0;90m|[0m [1;36mFeel Radio Kenya                          [0m [0;90m|[0m [1;32mworking   [0m [0;90m|[0m [1;35mmpg123      [0m [0;90m|[0m
[0;90m|[0m [1;34m8   [0m [0;90m|[0m [1;36mThe Sunday Cruise                         [0m [0;90m|[0m [1;32mworking   [0m [0;90m|[0m [1;35munknown     [0m [0;90m|[0m
[0;90m|[0m [1;34m9   [0m [0;90m|[0m [1;36m4210 Radio                                [0m [0;90m|[0m [1;32mworking   [0m [0;90m|[0m [1;35mmpg123      [0m [0;90m|[0m
[0;90m|[0m [1;34m10  [0m [0;90m|[0m [1;36mGukena FM                                 [0m [0;90m|[0m [1;32mworking   [0m [0;90m|[0m [1;35mAAC         [0m [0;90m|[0m
[0;90m|[0m [1;34m11  [0m [0;90m|[0m [1;36mThe 2 Tv Radio Podcast                    [0m [0;90m|[0m [1;32mworking   [0m [0;90m|[0m [1;35mmpg123      [0m [0;90m|[0m
[0;90m|[0m [1;34m12  [0m [0;90m|[0m [1;36mShallom Radio                             [0m [0;90m|[0m [1;31mbroken    [0m [0;90m|[0m [1;35munknown     [0m [0;90m|[0m
[0;90m|[0m [1;34m13  [0m [0;90m|[0m [1;36mKimnet Radio                              [0m [0;90m|[0m [1;32mworking   [0m [0;90m|[0m [1;35mmpg123      [0m [0;90m|[0m
[0;90m|[0m [1;34m14  [0m [0;90m|[0m [1;36mTogotane Radio 88.3FM                     [0m [0;90m|[0m [1;32mworking   [0m [0;90m|[0m [1;35mmpg123      [0m [0;90m|[0m
[0;90m|[0m [1;34m15  [0m [0;90m|[0m [1;36mEreto FM                                  [0m [0;90m|[0m [1;32mworking   [0m [0;90m|[0m [1;35mmpg123      [0m [0;90m|[0m
[0;90m|[0m [1;34m16  [0m [0;90m|[0m [1;36mRadio Safari                              [0m [0;90m|[0m [1;32mworking   [0m [0;90m|[0m [1;35mmpg123      [0m [0;90m|[0m
[0;90m|[0m [1;34m17  [0m [0;90m|[0m [1;36mBaraton FM 103.9                          [0m [0;90m|[0m [1;31mbroken    [0m [0;90m|[0m [1;35munknown     [0m [0;90m|[0m
[0;90m|[0m [1;34m18  [0m [0;90m|[0m [1;36mRadio K                                   [0m [0;90m|[0m [1;31mbroken    [0m [0;90m|[0m [1;35munknown     [0m [0;90m|[0m
[0;90m|[0m [1;34m19  [0m [0;90m|[0m [1;36mMUCHEKE FM RADIO                          [0m [0;90m|[0m [1;32mworking   [0m [0;90m|[0m [1;35mmpg123      [0m [0;90m|[0m
[0;90m|[0m [1;34m20  [0m [0;90m|[0m [1;36mCity of Life                              [0m [0;90m|[0m [1;32mworking   [0m [0;90m|[0m [1;35mmpg123      [0m [0;90m|[0m
[0;90m|[0m [1;34m21  [0m [0;90m|[0m [1;36mHeart Radio Ke                            [0m [0;90m|[0m [1;32mworking   [0m [0;90m|[0m [1;35mmpg123      [0m [0;90m|[0m
[0;90m|[0m [1;34m22  [0m [0;90m|[0m [1;36m99.8 P Radio muliko la jamii              [0m [0;90m|[0m [1;32mworking   [0m [0;90m|[0m [1;35mmpg123      [0m [0;90m|[0m
[0;90m|[0m [1;34m23  [0m [0;90m|[0m [1;36mKikao Visual Radio                        [0m [0;90m|[0m [1;32mworking   [0m [0;90m|[0m [1;35mmpg123      [0m [0;90m|[0m
[0;90m|[0m [1;34m24  [0m [0;90m|[0m [1;36mGengetone Radio                           [0m [0;90m|[0m [1;31mbroken    [0m [0;90m|[0m [1;35munknown     [0m [0;90m|[0m
[0;90m|[0m [1;34m25  [0m [0;90m|[0m [1;36mJawabu Radio                              [0m [0;90m|[0m [1;31mbroken    [0m [0;90m|[0m [1;35munknown     [0m [0;90m|[0m
[0;90m+------+--------------------------------------------+------------+--------------+
[0m
[1;36mFetching page 7:[0m https://onlineradiobox.com/ke/?p=7
[0;90m+------+--------------------------------------------+------------+--------------+
[0m[0;90m|[0m [1;37mNo  [0m [0;90m|[0m [1;37mStation                                   [0m [0;90m|[0m [1;37mStatus    [0m [0;90m|[0m [1;37mFormat      [0m [0;90m|[0m
[0;90m+------+--------------------------------------------+------------+--------------+
[0m[0;90m|[0m [1;34m1   [0m [0;90m|[0m [1;36m001 FM                                    [0m [0;90m|[0m [1;31mbroken    [0m [0;90m|[0m [1;35munknown     [0m [0;90m|[0m
[0;90m|[0m [1;34m2   [0m [0;90m|[0m [1;36mNax.Today Radio                           [0m [0;90m|[0m [1;32mworking   [0m [0;90m|[0m [1;35munknown     [0m [0;90m|[0m
[0;90m|[0m [1;34m3   [0m [0;90m|[0m [1;36mLonga Radio Kenya                         [0m [0;90m|[0m [1;32mworking   [0m [0;90m|[0m [1;35mmpg123      [0m [0;90m|[0m
[0;90m|[0m [1;34m4   [0m [0;90m|[0m [1;36mTurkana Online Radio                      [0m [0;90m|[0m [1;31mbroken    [0m [0;90m|[0m [1;35munknown     [0m [0;90m|[0m
[0;90m|[0m [1;34m5   [0m [0;90m|[0m [1;36mShallom Radio                             [0m [0;90m|[0m [1;31mbroken    [0m [0;90m|[0m [1;35munknown     [0m [0;90m|[0m
[0;90m|[0m [1;34m6   [0m [0;90m|[0m [1;36mRadio Generation                          [0m [0;90m|[0m [1;32mworking   [0m [0;90m|[0m [1;35mmpg123      [0m [0;90m|[0m
[0;90m|[0m [1;34m7   [0m [0;90m|[0m [1;36mTONZI RADIO                               [0m [0;90m|[0m [1;31mbroken    [0m [0;90m|[0m [1;35munknown     [0m [0;90m|[0m
[0;90m|[0m [1;34m8   [0m [0;90m|[0m [1;36mTogotane Radio 88.3FM                     [0m [0;90m|[0m [1;32mworking   [0m [0;90m|[0m [1;35mmpg123      [0m [0;90m|[0m
[0;90m|[0m [1;34m9   [0m [0;90m|[0m [1;36mEreto FM                                  [0m [0;90m|[0m [1;32mworking   [0m [0;90m|[0m [1;35mmpg123      [0m [0;90m|[0m
[0;90m|[0m [1;34m10  [0m [0;90m|[0m [1;36mTop Radio                                 [0m [0;90m|[0m [1;32mworking   [0m [0;90m|[0m [1;35mmpg123      [0m [0;90m|[0m
[0;90m|[0m [1;34m11  [0m [0;90m|[0m [1;36mJerusalem Radio                           [0m [0;90m|[0m [1;32mworking   [0m [0;90m|[0m [1;35mmpg123      [0m [0;90m|[0m
[0;90m|[0m [1;34m12  [0m [0;90m|[0m [1;36mHero Radio (Kenya)                        [0m [0;90m|[0m [1;32mworking   [0m [0;90m|[0m [1;35mmpg123      [0m [0;90m|[0m
[0;90m|[0m [1;34m13  [0m [0;90m|[0m [1;36mDoctors Explain FM                        [0m [0;90m|[0m [1;31mbroken    [0m [0;90m|[0m [1;35munknown     [0m [0;90m|[0m
[0;90m|[0m [1;34m14  [0m [0;90m|[0m [1;36mCasper Radio                              [0m [0;90m|[0m [1;31mbroken    [0m [0;90m|[0m [1;35munknown     [0m [0;90m|[0m
[0;90m|[0m [1;34m15  [0m [0;90m|[0m [1;36mRadio Maisha                              [0m [0;90m|[0m [1;32mworking   [0m [0;90m|[0m [1;35mmpg123      [0m [0;90m|[0m
[0;90m|[0m [1;34m16  [0m [0;90m|[0m [1;36mAntenna Web Nairobi                       [0m [0;90m|[0m [1;32mworking   [0m [0;90m|[0m [1;35mmpg123      [0m [0;90m|[0m
[0;90m|[0m [1;34m17  [0m [0;90m|[0m [1;36mRadio Banga                               [0m [0;90m|[0m [1;32mworking   [0m [0;90m|[0m [1;35munknown     [0m [0;90m|[0m
[0;90m|[0m [1;34m18  [0m [0;90m|[0m [1;36mRadio Jamii 103.9FM                       [0m [0;90m|[0m [1;32mworking   [0m [0;90m|[0m [1;35mmpg123      [0m [0;90m|[0m
[0;90m|[0m [1;34m19  [0m [0;90m|[0m [1;36mDivine Destiny Radio                      [0m [0;90m|[0m [1;32mworking   [0m [0;90m|[0m [1;35mmpg123      [0m [0;90m|[0m
[0;90m|[0m [1;34m20  [0m [0;90m|[0m [1;36mRadio Sahara                              [0m [0;90m|[0m [1;32mworking   [0m [0;90m|[0m [1;35munknown     [0m [0;90m|[0m
[0;90m|[0m [1;34m21  [0m [0;90m|[0m [1;36mRadio Shahidi                             [0m [0;90m|[0m [1;32mworking   [0m [0;90m|[0m [1;35mmpg123      [0m [0;90m|[0m
[0;90m|[0m [1;34m22  [0m [0;90m|[0m [1;36mSayaki Radio                              [0m [0;90m|[0m [1;32mworking   [0m [0;90m|[0m [1;35mmpg123      [0m [0;90m|[0m
[0;90m|[0m [1;34m23  [0m [0;90m|[0m [1;36mDayo Radio                                [0m [0;90m|[0m [1;32mworking   [0m [0;90m|[0m [1;35mmpg123      [0m [0;90m|[0m
[0;90m|[0m [1;34m24  [0m [0;90m|[0m [1;36mSmooth FM                                 [0m [0;90m|[0m [1;31mbroken    [0m [0;90m|[0m [1;35munknown     [0m [0;90m|[0m
[0;90m|[0m [1;34m25  [0m [0;90m|[0m [1;36mTana FM Radio                             [0m [0;90m|[0m [1;32mworking   [0m [0;90m|[0m [1;35mmpg123      [0m [0;90m|[0m
[0;90m+------+--------------------------------------------+------------+--------------+
[0m
[1;36mFetching page 8:[0m https://onlineradiobox.com/ke/?p=8
[0;90m+------+--------------------------------------------+------------+--------------+
[0m[0;90m|[0m [1;37mNo  [0m [0;90m|[0m [1;37mStation                                   [0m [0;90m|[0m [1;37mStatus    [0m [0;90m|[0m [1;37mFormat      [0m [0;90m|[0m
[0;90m+------+--------------------------------------------+------------+--------------+
[0m[0;90m|[0m [1;34m1   [0m [0;90m|[0m [1;36mAntenna Web Nairobi                       [0m [0;90m|[0m [1;32mworking   [0m [0;90m|[0m [1;35mmpg123      [0m [0;90m|[0m
[0;90m|[0m [1;34m2   [0m [0;90m|[0m [1;36mLRCM Radio (Kenya)                        [0m [0;90m|[0m [1;32mworking   [0m [0;90m|[0m [1;35mmpg123      [0m [0;90m|[0m
[0;90m|[0m [1;34m3   [0m [0;90m|[0m [1;36mWingu Radio                               [0m [0;90m|[0m [1;32mworking   [0m [0;90m|[0m [1;35mmpg123      [0m [0;90m|[0m
[0;90m|[0m [1;34m4   [0m [0;90m|[0m [1;36mMasihi Redio Afrika                       [0m [0;90m|[0m [1;31mbroken    [0m [0;90m|[0m [1;35munknown     [0m [0;90m|[0m
[0;90m|[0m [1;34m5   [0m [0;90m|[0m [1;36mSasa Radio 92.0 FM                        [0m [0;90m|[0m [1;32mworking   [0m [0;90m|[0m [1;35munknown     [0m [0;90m|[0m
[0;90m|[0m [1;34m6   [0m [0;90m|[0m [1;36mBus Radio 99.9 FM                         [0m [0;90m|[0m [1;32mworking   [0m [0;90m|[0m [1;35mmpg123      [0m [0;90m|[0m
[0;90m|[0m [1;34m7   [0m [0;90m|[0m [1;36mMamlaka TV                                [0m [0;90m|[0m [1;32mworking   [0m [0;90m|[0m [1;35munknown     [0m [0;90m|[0m
[0;90m|[0m [1;34m8   [0m [0;90m|[0m [1;36mSmooth FM                                 [0m [0;90m|[0m [1;31mbroken    [0m [0;90m|[0m [1;35munknown     [0m [0;90m|[0m
[0;90m|[0m [1;34m9   [0m [0;90m|[0m [1;36mKimuri Radio 100.6FM                      [0m [0;90m|[0m [1;31mbroken    [0m [0;90m|[0m [1;35munknown     [0m [0;90m|[0m
[0;90m|[0m [1;34m10  [0m [0;90m|[0m [1;36mPlanetFive                                [0m [0;90m|[0m [1;32mworking   [0m [0;90m|[0m [1;35mmpg123      [0m [0;90m|[0m
[0;90m|[0m [1;34m11  [0m [0;90m|[0m [1;36mBomet Radio                               [0m [0;90m|[0m [1;31mbroken    [0m [0;90m|[0m [1;35munknown     [0m [0;90m|[0m
[0;90m|[0m [1;34m12  [0m [0;90m|[0m [1;36mPamoja FM                                 [0m [0;90m|[0m [1;32mworking   [0m [0;90m|[0m [1;35munknown     [0m [0;90m|[0m
[0;90m|[0m [1;34m13  [0m [0;90m|[0m [1;36mReborn Outreach                           [0m [0;90m|[0m [1;32mworking   [0m [0;90m|[0m [1;35mmpg123      [0m [0;90m|[0m
[0;90m|[0m [1;34m14  [0m [0;90m|[0m [1;36mThe Messianic Radio                       [0m [0;90m|[0m [1;32mworking   [0m [0;90m|[0m [1;35mmpg123      [0m [0;90m|[0m
[0;90m|[0m [1;34m15  [0m [0;90m|[0m [1;36mVybez Radio                               [0m [0;90m|[0m [1;31mbroken    [0m [0;90m|[0m [1;35munknown     [0m [0;90m|[0m
[0;90m|[0m [1;34m16  [0m [0;90m|[0m [1;36mThe Informer Radio                        [0m [0;90m|[0m [1;32mworking   [0m [0;90m|[0m [1;35mmpg123      [0m [0;90m|[0m
[0;90m|[0m [1;34m17  [0m [0;90m|[0m [1;36mRadio Rahma                               [0m [0;90m|[0m [1;31mbroken    [0m [0;90m|[0m [1;35munknown     [0m [0;90m|[0m
[0;90m|[0m [1;34m18  [0m [0;90m|[0m [1;36mNenyon fm                                 [0m [0;90m|[0m [1;32mworking   [0m [0;90m|[0m [1;35mmpg123      [0m [0;90m|[0m
[0;90m|[0m [1;34m19  [0m [0;90m|[0m [1;36mRuben FM                                  [0m [0;90m|[0m [1;32mworking   [0m [0;90m|[0m [1;35mmpg123      [0m [0;90m|[0m
[0;90m|[0m [1;34m20  [0m [0;90m|[0m [1;36mMachakos Main Altar Radio                 [0m [0;90m|[0m [1;32mworking   [0m [0;90m|[0m [1;35mmpg123      [0m [0;90m|[0m
[0;90m|[0m [1;34m21  [0m [0;90m|[0m [1;36mZetech Radio                              [0m [0;90m|[0m [1;32mworking   [0m [0;90m|[0m [1;35mmpg123      [0m [0;90m|[0m
[0;90m|[0m [1;34m22  [0m [0;90m|[0m [1;36mRadio Fortune Africa                      [0m [0;90m|[0m [1;32mworking   [0m [0;90m|[0m [1;35mmpg123      [0m [0;90m|[0m
[0;90m|[0m [1;34m23  [0m [0;90m|[0m [1;36mSwahilipot FM                             [0m [0;90m|[0m [1;32mworking   [0m [0;90m|[0m [1;35mmpg123      [0m [0;90m|[0m
[0;90m|[0m [1;34m24  [0m [0;90m|[0m [1;36mIo Radioke                                [0m [0;90m|[0m [1;32mworking   [0m [0;90m|[0m [1;35mmpg123      [0m [0;90m|[0m
[0;90m|[0m [1;34m25  [0m [0;90m|[0m [1;36mKOCH FM                                   [0m [0;90m|[0m [1;32mworking   [0m [0;90m|[0m [1;35mmpg123      [0m [0;90m|[0m
[0;90m+------+--------------------------------------------+------------+--------------+
[0m
[1;36mFetching page 9:[0m https://onlineradiobox.com/ke/?p=9
[0;90m+------+--------------------------------------------+------------+--------------+
[0m[0;90m|[0m [1;37mNo  [0m [0;90m|[0m [1;37mStation                                   [0m [0;90m|[0m [1;37mStatus    [0m [0;90m|[0m [1;37mFormat      [0m [0;90m|[0m
[0;90m+------+--------------------------------------------+------------+--------------+
[0m[0;90m|[0m [1;34m1   [0m [0;90m|[0m [1;36mP Radio Muliko La Jamii                   [0m [0;90m|[0m [1;32mworking   [0m [0;90m|[0m [1;35mmpg123      [0m [0;90m|[0m
[0;90m|[0m [1;34m2   [0m [0;90m|[0m [1;36mBerur FM                                  [0m [0;90m|[0m [1;32mworking   [0m [0;90m|[0m [1;35mmpg123      [0m [0;90m|[0m
[0;90m|[0m [1;34m3   [0m [0;90m|[0m [1;36mLuvNMusic Radio                           [0m [0;90m|[0m [1;32mworking   [0m [0;90m|[0m [1;35mmpg123      [0m [0;90m|[0m
[0;90m|[0m [1;34m4   [0m [0;90m|[0m [1;36mSaints&#39; Radio                         [0m [0;90m|[0m [1;32mworking   [0m [0;90m|[0m [1;35mmpg123      [0m [0;90m|[0m
[0;90m|[0m [1;34m5   [0m [0;90m|[0m [1;36mKalya FM                                  [0m [0;90m|[0m [1;32mworking   [0m [0;90m|[0m [1;35mmpg123      [0m [0;90m|[0m
[0;90m|[0m [1;34m6   [0m [0;90m|[0m [1;36mPEFA Radio                                [0m [0;90m|[0m [1;32mworking   [0m [0;90m|[0m [1;35munknown     [0m [0;90m|[0m
[0;90m|[0m [1;34m7   [0m [0;90m|[0m [1;36mGlorious Newness Radio                    [0m [0;90m|[0m [1;32mworking   [0m [0;90m|[0m [1;35mmpg123      [0m [0;90m|[0m
[0;90m|[0m [1;34m8   [0m [0;90m|[0m [1;36mOduwo Fm                                  [0m [0;90m|[0m [1;32mworking   [0m [0;90m|[0m [1;35mmpg123      [0m [0;90m|[0m
[0;90m|[0m [1;34m9   [0m [0;90m|[0m [1;36mSega Sega Radio                           [0m [0;90m|[0m [1;32mworking   [0m [0;90m|[0m [1;35mmpg123      [0m [0;90m|[0m
[0;90m|[0m [1;34m10  [0m [0;90m|[0m [1;36mKzone Radio                               [0m [0;90m|[0m [1;31mbroken    [0m [0;90m|[0m [1;35munknown     [0m [0;90m|[0m
[0;90m|[0m [1;34m11  [0m [0;90m|[0m [1;36mKokwo Fm                                  [0m [0;90m|[0m [1;32mworking   [0m [0;90m|[0m [1;35munknown     [0m [0;90m|[0m
[0;90m|[0m [1;34m12  [0m [0;90m|[0m [1;36mLove Christ Radio                         [0m [0;90m|[0m [1;32mworking   [0m [0;90m|[0m [1;35mmpg123      [0m [0;90m|[0m
[0;90m|[0m [1;34m13  [0m [0;90m|[0m [1;36mHeaven FM Radio                           [0m [0;90m|[0m [1;32mworking   [0m [0;90m|[0m [1;35mmpg123      [0m [0;90m|[0m
[0;90m|[0m [1;34m14  [0m [0;90m|[0m [1;36mPillarworks Radio                         [0m [0;90m|[0m [1;32mworking   [0m [0;90m|[0m [1;35mmpg123      [0m [0;90m|[0m
[0;90m|[0m [1;34m15  [0m [0;90m|[0m [1;36mYaMumbi Radio                             [0m [0;90m|[0m [1;32mworking   [0m [0;90m|[0m [1;35mmpg123      [0m [0;90m|[0m
[0;90m|[0m [1;34m16  [0m [0;90m|[0m [1;36mHitimu EduStream                          [0m [0;90m|[0m [1;31mbroken    [0m [0;90m|[0m [1;35mmpg123      [0m [0;90m|[0m
[0;90m|[0m [1;34m17  [0m [0;90m|[0m [1;36mTana FM Radio                             [0m [0;90m|[0m [1;32mworking   [0m [0;90m|[0m [1;35mmpg123      [0m [0;90m|[0m
[0;90m|[0m [1;34m18  [0m [0;90m|[0m [1;36mNg&#39;uono Fm 108.1                      [0m [0;90m|[0m [1;31mbroken    [0m [0;90m|[0m [1;35munknown     [0m [0;90m|[0m
[0;90m|[0m [1;34m19  [0m [0;90m|[0m [1;36mLook-UP Radio KE                          [0m [0;90m|[0m [1;32mworking   [0m [0;90m|[0m [1;35mmpg123      [0m [0;90m|[0m
[0;90m|[0m [1;34m20  [0m [0;90m|[0m [1;36mTandao radio                              [0m [0;90m|[0m [1;32mworking   [0m [0;90m|[0m [1;35mmpg123      [0m [0;90m|[0m
[0;90m|[0m [1;34m21  [0m [0;90m|[0m [1;36mBlessmarked Radio                         [0m [0;90m|[0m [1;32mworking   [0m [0;90m|[0m [1;35mmpg123      [0m [0;90m|[0m
[0;90m|[0m [1;34m22  [0m [0;90m|[0m [1;36mOsiepe FM                                 [0m [0;90m|[0m [1;32mworking   [0m [0;90m|[0m [1;35mAAC         [0m [0;90m|[0m
[0;90m|[0m [1;34m23  [0m [0;90m|[0m [1;36mPemi Radio                                [0m [0;90m|[0m [1;32mworking   [0m [0;90m|[0m [1;35mmpg123      [0m [0;90m|[0m
[0;90m|[0m [1;34m24  [0m [0;90m|[0m [1;36mChamgei FM                                [0m [0;90m|[0m [1;32mworking   [0m [0;90m|[0m [1;35mAAC         [0m [0;90m|[0m
[0;90m|[0m [1;34m25  [0m [0;90m|[0m [1;36mEVkeskus                                  [0m [0;90m|[0m [1;32mworking   [0m [0;90m|[0m [1;35mmpg123      [0m [0;90m|[0m
[0;90m+------+--------------------------------------------+------------+--------------+
[0m
[1;36mFetching page 10:[0m https://onlineradiobox.com/ke/?p=10
[0;90m+------+--------------------------------------------+------------+--------------+
[0m[0;90m|[0m [1;37mNo  [0m [0;90m|[0m [1;37mStation                                   [0m [0;90m|[0m [1;37mStatus    [0m [0;90m|[0m [1;37mFormat      [0m [0;90m|[0m
[0;90m+------+--------------------------------------------+------------+--------------+
[0m[0;90m|[0m [1;34m1   [0m [0;90m|[0m [1;36mCambridge Radio Kitale                    [0m [0;90m|[0m [1;32mworking   [0m [0;90m|[0m [1;35mmpg123      [0m [0;90m|[0m
[0;90m|[0m [1;34m2   [0m [0;90m|[0m [1;36mMuuga Fm                                  [0m [0;90m|[0m [1;32mworking   [0m [0;90m|[0m [1;35mAAC         [0m [0;90m|[0m
[0;90m|[0m [1;34m3   [0m [0;90m|[0m [1;36mMasihi Redio Afrika                       [0m [0;90m|[0m [1;31mbroken    [0m [0;90m|[0m [1;35munknown     [0m [0;90m|[0m
[0;90m|[0m [1;34m4   [0m [0;90m|[0m [1;36mPlanetFive                                [0m [0;90m|[0m [1;32mworking   [0m [0;90m|[0m [1;35mmpg123      [0m [0;90m|[0m
[0;90m|[0m [1;34m5   [0m [0;90m|[0m [1;36mRadio Aperit                              [0m [0;90m|[0m [1;32mworking   [0m [0;90m|[0m [1;35mmpg123      [0m [0;90m|[0m
[0;90m|[0m [1;34m6   [0m [0;90m|[0m [1;36mAwr Africa Ecd                            [0m [0;90m|[0m [1;32mworking   [0m [0;90m|[0m [1;35mmpg123      [0m [0;90m|[0m
[0;90m|[0m [1;34m7   [0m [0;90m|[0m [1;36mYaMumbi Radio                             [0m [0;90m|[0m [1;32mworking   [0m [0;90m|[0m [1;35mmpg123      [0m [0;90m|[0m
[0;90m|[0m [1;34m8   [0m [0;90m|[0m [1;36mNg&#39;uono Fm 108.1                      [0m [0;90m|[0m [1;31mbroken    [0m [0;90m|[0m [1;35munknown     [0m [0;90m|[0m
[0;90m|[0m [1;34m9   [0m [0;90m|[0m [1;36mRadio Ngoma 90.7 Fm                       [0m [0;90m|[0m [1;32mworking   [0m [0;90m|[0m [1;35mmpg123      [0m [0;90m|[0m
[0;90m|[0m [1;34m10  [0m [0;90m|[0m [1;36mRadio Nyumbani                            [0m [0;90m|[0m [1;32mworking   [0m [0;90m|[0m [1;35mmpg123      [0m [0;90m|[0m
[0;90m|[0m [1;34m11  [0m [0;90m|[0m [1;36mElwai Centre                              [0m [0;90m|[0m [1;32mworking   [0m [0;90m|[0m [1;35munknown     [0m [0;90m|[0m
[0;90m|[0m [1;34m12  [0m [0;90m|[0m [1;36mTulwoob Koony Radio                       [0m [0;90m|[0m [1;32mworking   [0m [0;90m|[0m [1;35mmpg123      [0m [0;90m|[0m
[0;90m|[0m [1;34m13  [0m [0;90m|[0m [1;36mStation Beta Africa                       [0m [0;90m|[0m [1;32mworking   [0m [0;90m|[0m [1;35mmpg123      [0m [0;90m|[0m
[0;90m|[0m [1;34m14  [0m [0;90m|[0m [1;36mMgospelradio                              [0m [0;90m|[0m [1;32mworking   [0m [0;90m|[0m [1;35mmpg123      [0m [0;90m|[0m
[0;90m|[0m [1;34m15  [0m [0;90m|[0m [1;36mBomet Radio                               [0m [0;90m|[0m [1;31mbroken    [0m [0;90m|[0m [1;35munknown     [0m [0;90m|[0m
[0;90m|[0m [1;34m16  [0m [0;90m|[0m [1;36mPamoja FM                                 [0m [0;90m|[0m [1;32mworking   [0m [0;90m|[0m [1;35munknown     [0m [0;90m|[0m
[0;90m|[0m [1;34m17  [0m [0;90m|[0m [1;36mRadio Rahma                               [0m [0;90m|[0m [1;31mbroken    [0m [0;90m|[0m [1;35munknown     [0m [0;90m|[0m
[0;90m|[0m [1;34m18  [0m [0;90m|[0m [1;36mOserian Altar Naivasha                    [0m [0;90m|[0m [1;32mworking   [0m [0;90m|[0m [1;35mmpg123      [0m [0;90m|[0m
[0;90m|[0m [1;34m19  [0m [0;90m|[0m [1;36mLokoi FM                                  [0m [0;90m|[0m [1;32mworking   [0m [0;90m|[0m [1;35mmpg123      [0m [0;90m|[0m
[0;90m|[0m [1;34m20  [0m [0;90m|[0m [1;36mWingu Radio                               [0m [0;90m|[0m [1;32mworking   [0m [0;90m|[0m [1;35mmpg123      [0m [0;90m|[0m
[0;90m|[0m [1;34m21  [0m [0;90m|[0m [1;36mRee radio                                 [0m [0;90m|[0m [1;32mworking   [0m [0;90m|[0m [1;35mmpg123      [0m [0;90m|[0m
[0;90m|[0m [1;34m22  [0m [0;90m|[0m [1;36mATG Radio                                 [0m [0;90m|[0m [1;31mbroken    [0m [0;90m|[0m [1;35munknown     [0m [0;90m|[0m
[0;90m|[0m [1;34m23  [0m [0;90m|[0m [1;36mMwinjoyo Fm                               [0m [0;90m|[0m [1;32mworking   [0m [0;90m|[0m [1;35mAAC         [0m [0;90m|[0m
[0;90m|[0m [1;34m24  [0m [0;90m|[0m [1;36mBk Radio                                  [0m [0;90m|[0m [1;32mworking   [0m [0;90m|[0m [1;35mmpg123      [0m [0;90m|[0m
[0;90m|[0m [1;34m25  [0m [0;90m|[0m [1;36mRadio Jangwani                            [0m [0;90m|[0m [1;32mworking   [0m [0;90m|[0m [1;35mmpg123      [0m [0;90m|[0m
[0;90m+------+--------------------------------------------+------------+--------------+
[0m
[1;36mFetching page 11:[0m https://onlineradiobox.com/ke/?p=11
[0;90m+------+--------------------------------------------+------------+--------------+
[0m[0;90m|[0m [1;37mNo  [0m [0;90m|[0m [1;37mStation                                   [0m [0;90m|[0m [1;37mStatus    [0m [0;90m|[0m [1;37mFormat      [0m [0;90m|[0m
[0;90m+------+--------------------------------------------+------------+--------------+
[0m[0;90m|[0m [1;34m1   [0m [0;90m|[0m [1;36mUfunuo Radio                              [0m [0;90m|[0m [1;32mworking   [0m [0;90m|[0m [1;35mmpg123      [0m [0;90m|[0m
[0;90m+------+--------------------------------------------+------------+--------------+
[0mNo next page. Finished.

[1;32mSaved 255 stations to scraped_data/Kenya/onlineradiobox.json[0m
