[1;36m==================================================[0m
[1;33mScraping Uzbekistan (uz) - Auto Pagination[0m
[1;36m==================================================[0m

[1;36mFetching page 0:[0m https://onlineradiobox.com/uz/?p=0
[0;90m+------+--------------------------------------------+------------+--------------+
[0m[0;90m|[0m [1;37mNo  [0m [0;90m|[0m [1;37mStation                                   [0m [0;90m|[0m [1;37mStatus    [0m [0;90m|[0m [1;37mFormat      [0m [0;90m|[0m
[0;90m+------+--------------------------------------------+------------+--------------+
[0m[0;90m|[0m [1;34m1   [0m [0;90m|[0m [1;36mРАДИО &#34;Аъло ФМ&#34;        [0m [0;90m|[0m [1;32mworking   [0m [0;90m|[0m [1;35mAAC         [0m [0;90m|[0m
[0;90m|[0m [1;34m2   [0m [0;90m|[0m [1;36mNostalgie FM                              [0m [0;90m|[0m [1;32mworking   [0m [0;90m|[0m [1;35mvorbis      [0m [0;90m|[0m
[0;90m|[0m [1;34m3   [0m [0;90m|[0m [1;36mNavroz FM                                 [0m [0;90m|[0m [1;32mworking   [0m [0;90m|[0m [1;35mAAC         [0m [0;90m|[0m
[0;90m|[0m [1;34m4   [0m [0;90m|[0m [1;36mRadio O&#39;zbegim Taronasi               [0m [0;90m|[0m [1;32mworking   [0m [0;90m|[0m [1;35mAAC         [0m [0;90m|[0m
[0;90m|[0m [1;34m5   [0m [0;90m|[0m [1;36mQalbim Navosi                             [0m [0;90m|[0m [1;32mworking   [0m [0;90m|[0m [1;35mAAC         [0m [0;90m|[0m
[0;90m|[0m [1;34m6   [0m [0;90m|[0m [1;36mRADIO MAXIMA                              [0m [0;90m|[0m [1;32mworking   [0m [0;90m|[0m [1;35mvorbis      [0m [0;90m|[0m
[0;90m|[0m [1;34m7   [0m [0;90m|[0m [1;36mTimsol Online Radiosi                     [0m [0;90m|[0m [1;32mworking   [0m [0;90m|[0m [1;35mmpg123      [0m [0;90m|[0m
[0;90m|[0m [1;34m8   [0m [0;90m|[0m [1;36mSezam FM                                  [0m [0;90m|[0m [1;32mworking   [0m [0;90m|[0m [1;35mmpg123      [0m [0;90m|[0m
[0;90m|[0m [1;34m9   [0m [0;90m|[0m [1;36mРадио  Гранд FM                 [0m [0;90m|[0m [1;32mworking   [0m [0;90m|[0m [1;35mmpg123      [0m [0;90m|[0m
[0;90m|[0m [1;34m10  [0m [0;90m|[0m [1;36mRetro FM                                  [0m [0;90m|[0m [1;32mworking   [0m [0;90m|[0m [1;35mvorbis      [0m [0;90m|[0m
[0;90m|[0m [1;34m11  [0m [0;90m|[0m [1;36mDUSHANBE NAVO                             [0m [0;90m|[0m [1;31mbroken    [0m [0;90m|[0m [1;35munknown     [0m [0;90m|[0m
[0;90m|[0m [1;34m12  [0m [0;90m|[0m [1;36mРАДИО &#34;Uzbek.FM&#34;             [0m [0;90m|[0m [1;31mbroken    [0m [0;90m|[0m [1;35munknown     [0m [0;90m|[0m
[0;90m|[0m [1;34m13  [0m [0;90m|[0m [1;36mPink Unicorn Radio                        [0m [0;90m|[0m [1;32mworking   [0m [0;90m|[0m [1;35mmpg123      [0m [0;90m|[0m
[0;90m|[0m [1;34m14  [0m [0;90m|[0m [1;36mРАДИО &#34;Ориат Доно&#34;  [0m [0;90m|[0m [1;32mworking   [0m [0;90m|[0m [1;35munknown     [0m [0;90m|[0m
[0;90m|[0m [1;34m15  [0m [0;90m|[0m [1;36mTemp FM                                   [0m [0;90m|[0m [1;32mworking   [0m [0;90m|[0m [1;35mAAC         [0m [0;90m|[0m
[0;90m|[0m [1;34m16  [0m [0;90m|[0m [1;36mRadio Markaz Online                       [0m [0;90m|[0m [1;32mworking   [0m [0;90m|[0m [1;35mAAC         [0m [0;90m|[0m
[0;90m|[0m [1;34m17  [0m [0;90m|[0m [1;36mNo&#39;kis FM                             [0m [0;90m|[0m [1;31mbroken    [0m [0;90m|[0m [1;35munknown     [0m [0;90m|[0m
[0;90m+------+--------------------------------------------+------------+--------------+
[0mNo next page. Finished.

[1;32mSaved 17 stations to scraped_data/Uzbekistan/onlineradiobox.json[0m
