[1;36m==================================================[0m
[1;33mScraping Morocco (ma) - Auto Pagination[0m
[1;36m==================================================[0m

[1;36mFetching page 0:[0m https://onlineradiobox.com/ma/?p=0
[0;90m+------+--------------------------------------------+------------+--------------+
[0m[0;90m|[0m [1;37mNo  [0m [0;90m|[0m [1;37mStation                                   [0m [0;90m|[0m [1;37mStatus    [0m [0;90m|[0m [1;37mFormat      [0m [0;90m|[0m
[0;90m+------+--------------------------------------------+------------+--------------+
[0m[0;90m|[0m [1;34m1   [0m [0;90m|[0m [1;36mMed Radio                                 [0m [0;90m|[0m [1;32mworking   [0m [0;90m|[0m [1;35mmpg123      [0m [0;90m|[0m
[0;90m|[0m [1;34m2   [0m [0;90m|[0m [1;36mRadio Aswat                               [0m [0;90m|[0m [1;32mworking   [0m [0;90m|[0m [1;35mmpg123      [0m [0;90m|[0m
[0;90m|[0m [1;34m3   [0m [0;90m|[0m [1;36mMedi 1 Radio                              [0m [0;90m|[0m [1;32mworking   [0m [0;90m|[0m [1;35mfaad        [0m [0;90m|[0m
[0;90m|[0m [1;34m4   [0m [0;90m|[0m [1;36mRadio Mars                                [0m [0;90m|[0m [1;32mworking   [0m [0;90m|[0m [1;35mmpg123      [0m [0;90m|[0m
[0;90m|[0m [1;34m5   [0m [0;90m|[0m [1;36mHit Radio FM 99.8                         [0m [0;90m|[0m [1;32mworking   [0m [0;90m|[0m [1;35mmpg123      [0m [0;90m|[0m
[0;90m|[0m [1;34m6   [0m [0;90m|[0m [1;36mRadio Coran - Quran Station               [0m [0;90m|[0m [1;31mbroken    [0m [0;90m|[0m [1;35munknown     [0m [0;90m|[0m
[0;90m|[0m [1;34m7   [0m [0;90m|[0m [1;36mZine Bladi                                [0m [0;90m|[0m [1;32mworking   [0m [0;90m|[0m [1;35mAAC         [0m [0;90m|[0m
[0;90m|[0m [1;34m8   [0m [0;90m|[0m [1;36mMFM Radio                                 [0m [0;90m|[0m [1;32mworking   [0m [0;90m|[0m [1;35mmpg123      [0m [0;90m|[0m
[0;90m|[0m [1;34m9   [0m [0;90m|[0m [1;36mChada FM                                  [0m [0;90m|[0m [1;32mworking   [0m [0;90m|[0m [1;35mfaad        [0m [0;90m|[0m
[0;90m|[0m [1;34m10  [0m [0;90m|[0m [1;36mRadio Yabiladi                            [0m [0;90m|[0m [1;32mworking   [0m [0;90m|[0m [1;35mmpg123      [0m [0;90m|[0m
[0;90m|[0m [1;34m11  [0m [0;90m|[0m [1;36mRadio Medina FM                           [0m [0;90m|[0m [1;32mworking   [0m [0;90m|[0m [1;35mmpg123      [0m [0;90m|[0m
[0;90m|[0m [1;34m12  [0m [0;90m|[0m [1;36mCap Radio                                 [0m [0;90m|[0m [1;32mworking   [0m [0;90m|[0m [1;35mmpg123      [0m [0;90m|[0m
[0;90m|[0m [1;34m13  [0m [0;90m|[0m [1;36mSkyrock Casablanca                        [0m [0;90m|[0m [1;32mworking   [0m [0;90m|[0m [1;35mAAC         [0m [0;90m|[0m
[0;90m|[0m [1;34m14  [0m [0;90m|[0m [1;36mAtlantic Radio                            [0m [0;90m|[0m [1;32mworking   [0m [0;90m|[0m [1;35mmpg123      [0m [0;90m|[0m
[0;90m|[0m [1;34m15  [0m [0;90m|[0m [1;36mRadio Atbir                               [0m [0;90m|[0m [1;32mworking   [0m [0;90m|[0m [1;35mmpg123      [0m [0;90m|[0m
[0;90m|[0m [1;34m16  [0m [0;90m|[0m [1;36mRadio Star Maroc                          [0m [0;90m|[0m [1;32mworking   [0m [0;90m|[0m [1;35mmpg123      [0m [0;90m|[0m
[0;90m|[0m [1;34m17  [0m [0;90m|[0m [1;36mRadio Monte Carlo Doualiya                [0m [0;90m|[0m [1;32mworking   [0m [0;90m|[0m [1;35mmpg123      [0m [0;90m|[0m
[0;90m|[0m [1;34m18  [0m [0;90m|[0m [1;36mRadio 2M                                  [0m [0;90m|[0m [1;31mbroken    [0m [0;90m|[0m [1;35munknown     [0m [0;90m|[0m
[0;90m|[0m [1;34m19  [0m [0;90m|[0m [1;36mRadio France Maghreb 2                    [0m [0;90m|[0m [1;32mworking   [0m [0;90m|[0m [1;35mmpg123      [0m [0;90m|[0m
[0;90m|[0m [1;34m20  [0m [0;90m|[0m [1;36mHits 1 Maroc                              [0m [0;90m|[0m [1;32mworking   [0m [0;90m|[0m [1;35mmpg123      [0m [0;90m|[0m
[0;90m|[0m [1;34m21  [0m [0;90m|[0m [1;36mTarab Radio                               [0m [0;90m|[0m [1;31mbroken    [0m [0;90m|[0m [1;35munknown     [0m [0;90m|[0m
[0;90m|[0m [1;34m22  [0m [0;90m|[0m [1;36mSAMAA RADIO                               [0m [0;90m|[0m [1;32mworking   [0m [0;90m|[0m [1;35mmpg123      [0m [0;90m|[0m
[0;90m|[0m [1;34m23  [0m [0;90m|[0m [1;36mRadio Sawt Ouarzazate                     [0m [0;90m|[0m [1;32mworking   [0m [0;90m|[0m [1;35mmpg123      [0m [0;90m|[0m
[0;90m|[0m [1;34m24  [0m [0;90m|[0m [1;36mNess Radio                                [0m [0;90m|[0m [1;32mworking   [0m [0;90m|[0m [1;35mmpg123      [0m [0;90m|[0m
[0;90m|[0m [1;34m25  [0m [0;90m|[0m [1;36mRadio Only Rai                            [0m [0;90m|[0m [1;32mworking   [0m [0;90m|[0m [1;35mmpg123      [0m [0;90m|[0m
[0;90m+------+--------------------------------------------+------------+--------------+
[0m
[1;36mFetching page 1:[0m https://onlineradiobox.com/ma/?p=1
[0;90m+------+--------------------------------------------+------------+--------------+
[0m[0;90m|[0m [1;37mNo  [0m [0;90m|[0m [1;37mStation                                   [0m [0;90m|[0m [1;37mStatus    [0m [0;90m|[0m [1;37mFormat      [0m [0;90m|[0m
[0;90m+------+--------------------------------------------+------------+--------------+
[0m[0;90m|[0m [1;34m1   [0m [0;90m|[0m [1;36mRadio Al Amazighia                        [0m [0;90m|[0m [1;32mworking   [0m [0;90m|[0m [1;35munknown     [0m [0;90m|[0m
[0;90m|[0m [1;34m2   [0m [0;90m|[0m [1;36mRadioWeb                                  [0m [0;90m|[0m [1;32mworking   [0m [0;90m|[0m [1;35munknown     [0m [0;90m|[0m
[0;90m|[0m [1;34m3   [0m [0;90m|[0m [1;36mradio achkid fm ÿ±ÿßÿØŸäŸàÿ£ÿ¥ŸÉŸäÿØÿ•ŸÅ ÿ[0m [0;90m|[0m [1;32mworking   [0m [0;90m|[0m [1;35mmpg123      [0m [0;90m|[0m
[0;90m|[0m [1;34m4   [0m [0;90m|[0m [1;36mSafiCity.online                           [0m [0;90m|[0m [1;31mbroken    [0m [0;90m|[0m [1;35munknown     [0m [0;90m|[0m
[0;90m|[0m [1;34m5   [0m [0;90m|[0m [1;36mMa vie Que j&#39;adore !                  [0m [0;90m|[0m [1;32mworking   [0m [0;90m|[0m [1;35mmpg123      [0m [0;90m|[0m
[0;90m|[0m [1;34m6   [0m [0;90m|[0m [1;36mRadio Azawan                              [0m [0;90m|[0m [1;32mworking   [0m [0;90m|[0m [1;35mmpg123      [0m [0;90m|[0m
[0;90m|[0m [1;34m7   [0m [0;90m|[0m [1;36mCap Radio Maroc                           [0m [0;90m|[0m [1;32mworking   [0m [0;90m|[0m [1;35mmpg123      [0m [0;90m|[0m
[0;90m|[0m [1;34m8   [0m [0;90m|[0m [1;36mIdaa Al Watania                           [0m [0;90m|[0m [1;31mbroken    [0m [0;90m|[0m [1;35munknown     [0m [0;90m|[0m
[0;90m|[0m [1;34m9   [0m [0;90m|[0m [1;36mRadio Soleil                              [0m [0;90m|[0m [1;32mworking   [0m [0;90m|[0m [1;35mAAC         [0m [0;90m|[0m
[0;90m|[0m [1;34m10  [0m [0;90m|[0m [1;36mRadio Izlan.Fr                            [0m [0;90m|[0m [1;31mbroken    [0m [0;90m|[0m [1;35munknown     [0m [0;90m|[0m
[0;90m|[0m [1;34m11  [0m [0;90m|[0m [1;36mAdwaafm 1                                 [0m [0;90m|[0m [1;32mworking   [0m [0;90m|[0m [1;35mmpg123      [0m [0;90m|[0m
[0;90m|[0m [1;34m12  [0m [0;90m|[0m [1;36mMorocco English Radio                     [0m [0;90m|[0m [1;31mbroken    [0m [0;90m|[0m [1;35munknown     [0m [0;90m|[0m
[0;90m|[0m [1;34m13  [0m [0;90m|[0m [1;36mRadio Chaine Inter                        [0m [0;90m|[0m [1;31mbroken    [0m [0;90m|[0m [1;35munknown     [0m [0;90m|[0m
[0;90m|[0m [1;34m14  [0m [0;90m|[0m [1;36mRadio Maloulou                            [0m [0;90m|[0m [1;31mbroken    [0m [0;90m|[0m [1;35munknown     [0m [0;90m|[0m
[0;90m|[0m [1;34m15  [0m [0;90m|[0m [1;36mNota Magharibia                           [0m [0;90m|[0m [1;32mworking   [0m [0;90m|[0m [1;35mmpg123      [0m [0;90m|[0m
[0;90m|[0m [1;34m16  [0m [0;90m|[0m [1;36mHexagone FM                               [0m [0;90m|[0m [1;32mworking   [0m [0;90m|[0m [1;35munknown     [0m [0;90m|[0m
[0;90m|[0m [1;34m17  [0m [0;90m|[0m [1;36mRadio Sawa                                [0m [0;90m|[0m [1;31mbroken    [0m [0;90m|[0m [1;35munknown     [0m [0;90m|[0m
[0;90m|[0m [1;34m18  [0m [0;90m|[0m [1;36mRadio Plus Marrakech                      [0m [0;90m|[0m [1;31mbroken    [0m [0;90m|[0m [1;35munknown     [0m [0;90m|[0m
[0;90m|[0m [1;34m19  [0m [0;90m|[0m [1;36mIdaa Mohammed Assadiss                    [0m [0;90m|[0m [1;31mbroken    [0m [0;90m|[0m [1;35munknown     [0m [0;90m|[0m
[0;90m|[0m [1;34m20  [0m [0;90m|[0m [1;36mTDM                                       [0m [0;90m|[0m [1;32mworking   [0m [0;90m|[0m [1;35mmpg123      [0m [0;90m|[0m
[0;90m|[0m [1;34m21  [0m [0;90m|[0m [1;36mDIB Radio                                 [0m [0;90m|[0m [1;31mbroken    [0m [0;90m|[0m [1;35munknown     [0m [0;90m|[0m
[0;90m|[0m [1;34m22  [0m [0;90m|[0m [1;36mRadio Habayiib                            [0m [0;90m|[0m [1;32mworking   [0m [0;90m|[0m [1;35mmpg123      [0m [0;90m|[0m
[0;90m|[0m [1;34m23  [0m [0;90m|[0m [1;36mRIM                                       [0m [0;90m|[0m [1;32mworking   [0m [0;90m|[0m [1;35mmpg123      [0m [0;90m|[0m
[0;90m|[0m [1;34m24  [0m [0;90m|[0m [1;36mRadio Tamazgha                            [0m [0;90m|[0m [1;31mbroken    [0m [0;90m|[0m [1;35munknown     [0m [0;90m|[0m
[0;90m|[0m [1;34m25  [0m [0;90m|[0m [1;36mIzlanzik Radio                            [0m [0;90m|[0m [1;32mworking   [0m [0;90m|[0m [1;35munknown     [0m [0;90m|[0m
[0;90m+------+--------------------------------------------+------------+--------------+
[0m
[1;36mFetching page 2:[0m https://onlineradiobox.com/ma/?p=2
[0;90m+------+--------------------------------------------+------------+--------------+
[0m[0;90m|[0m [1;37mNo  [0m [0;90m|[0m [1;37mStation                                   [0m [0;90m|[0m [1;37mStatus    [0m [0;90m|[0m [1;37mFormat      [0m [0;90m|[0m
[0;90m+------+--------------------------------------------+------------+--------------+
[0m[0;90m|[0m [1;34m1   [0m [0;90m|[0m [1;36mRadio Nador                               [0m [0;90m|[0m [1;32mworking   [0m [0;90m|[0m [1;35mmpg123      [0m [0;90m|[0m
[0;90m|[0m [1;34m2   [0m [0;90m|[0m [1;36mRadio Manarat                             [0m [0;90m|[0m [1;32mworking   [0m [0;90m|[0m [1;35mmpg123      [0m [0;90m|[0m
[0;90m|[0m [1;34m3   [0m [0;90m|[0m [1;36mSamaoui, Gnaoua Radio                     [0m [0;90m|[0m [1;31mbroken    [0m [0;90m|[0m [1;35munknown     [0m [0;90m|[0m
[0;90m|[0m [1;34m4   [0m [0;90m|[0m [1;36mWorld of Aita                             [0m [0;90m|[0m [1;31mbroken    [0m [0;90m|[0m [1;35munknown     [0m [0;90m|[0m
[0;90m|[0m [1;34m5   [0m [0;90m|[0m [1;36mRMN-Radio Maroc News                      [0m [0;90m|[0m [1;32mworking   [0m [0;90m|[0m [1;35mmpg123      [0m [0;90m|[0m
[0;90m|[0m [1;34m6   [0m [0;90m|[0m [1;36mRadio Samaa                               [0m [0;90m|[0m [1;31mbroken    [0m [0;90m|[0m [1;35munknown     [0m [0;90m|[0m
[0;90m|[0m [1;34m7   [0m [0;90m|[0m [1;36mradio425fm                                [0m [0;90m|[0m [1;32mworking   [0m [0;90m|[0m [1;35mmpg123      [0m [0;90m|[0m
[0;90m|[0m [1;34m8   [0m [0;90m|[0m [1;36mSawtlmoustahlik                           [0m [0;90m|[0m [1;32mworking   [0m [0;90m|[0m [1;35munknown     [0m [0;90m|[0m
[0;90m|[0m [1;34m9   [0m [0;90m|[0m [1;36mRadio24                                   [0m [0;90m|[0m [1;31mbroken    [0m [0;90m|[0m [1;35munknown     [0m [0;90m|[0m
[0;90m|[0m [1;34m10  [0m [0;90m|[0m [1;36mL&#39;ODJ Radio                           [0m [0;90m|[0m [1;32mworking   [0m [0;90m|[0m [1;35mmpg123      [0m [0;90m|[0m
[0;90m|[0m [1;34m11  [0m [0;90m|[0m [1;36mAntenna Web Rabat                         [0m [0;90m|[0m [1;31mbroken    [0m [0;90m|[0m [1;35mmpg123      [0m [0;90m|[0m
[0;90m|[0m [1;34m12  [0m [0;90m|[0m [1;36mRadju Marija                              [0m [0;90m|[0m [1;32mworking   [0m [0;90m|[0m [1;35mAAC         [0m [0;90m|[0m
[0;90m|[0m [1;34m13  [0m [0;90m|[0m [1;36mRadio Alfane Fm Plus                      [0m [0;90m|[0m [1;32mworking   [0m [0;90m|[0m [1;35munknown     [0m [0;90m|[0m
[0;90m|[0m [1;34m14  [0m [0;90m|[0m [1;36mRadio Azrou                               [0m [0;90m|[0m [1;32mworking   [0m [0;90m|[0m [1;35mmpg123      [0m [0;90m|[0m
[0;90m|[0m [1;34m15  [0m [0;90m|[0m [1;36mmoneradio maroc                           [0m [0;90m|[0m [1;31mbroken    [0m [0;90m|[0m [1;35munknown     [0m [0;90m|[0m
[0;90m|[0m [1;34m16  [0m [0;90m|[0m [1;36mLove Maroc                                [0m [0;90m|[0m [1;31mbroken    [0m [0;90m|[0m [1;35munknown     [0m [0;90m|[0m
[0;90m|[0m [1;34m17  [0m [0;90m|[0m [1;36mYassine Radio Quran                       [0m [0;90m|[0m [1;32mworking   [0m [0;90m|[0m [1;35mmpg123      [0m [0;90m|[0m
[0;90m|[0m [1;34m18  [0m [0;90m|[0m [1;36mMarrakech Plus Web Radio                  [0m [0;90m|[0m [1;32mworking   [0m [0;90m|[0m [1;35mmpg123      [0m [0;90m|[0m
[0;90m|[0m [1;34m19  [0m [0;90m|[0m [1;36mRadio PlenitudeS Vie                      [0m [0;90m|[0m [1;32mworking   [0m [0;90m|[0m [1;35mmpg123      [0m [0;90m|[0m
[0;90m|[0m [1;34m20  [0m [0;90m|[0m [1;36mRabat FM                                  [0m [0;90m|[0m [1;32mworking   [0m [0;90m|[0m [1;35mmpg123      [0m [0;90m|[0m
[0;90m|[0m [1;34m21  [0m [0;90m|[0m [1;36mRap Lbeldi Maroc - Hip Hop Music from Moro[0m [0;90m|[0m [1;32mworking   [0m [0;90m|[0m [1;35mmpg123      [0m [0;90m|[0m
[0;90m|[0m [1;34m22  [0m [0;90m|[0m [1;36mRadio aljami3a                            [0m [0;90m|[0m [1;32mworking   [0m [0;90m|[0m [1;35munknown     [0m [0;90m|[0m
[0;90m|[0m [1;34m23  [0m [0;90m|[0m [1;36mBarlamane Radio                           [0m [0;90m|[0m [1;32mworking   [0m [0;90m|[0m [1;35munknown     [0m [0;90m|[0m
[0;90m|[0m [1;34m24  [0m [0;90m|[0m [1;36mRadio Fr√©quence Routi√®re                [0m [0;90m|[0m [1;31mbroken    [0m [0;90m|[0m [1;35munknown     [0m [0;90m|[0m
[0;90m|[0m [1;34m25  [0m [0;90m|[0m [1;36mICI Radio                                 [0m [0;90m|[0m [1;31mbroken    [0m [0;90m|[0m [1;35munknown     [0m [0;90m|[0m
[0;90m+------+--------------------------------------------+------------+--------------+
[0m
[1;36mFetching page 3:[0m https://onlineradiobox.com/ma/?p=3
[0;90m+------+--------------------------------------------+------------+--------------+
[0m[0;90m|[0m [1;37mNo  [0m [0;90m|[0m [1;37mStation                                   [0m [0;90m|[0m [1;37mStatus    [0m [0;90m|[0m [1;37mFormat      [0m [0;90m|[0m
[0;90m+------+--------------------------------------------+------------+--------------+
[0m[0;90m|[0m [1;34m1   [0m [0;90m|[0m [1;36mLRCM Radio (Morocco)                      [0m [0;90m|[0m [1;32mworking   [0m [0;90m|[0m [1;35mmpg123      [0m [0;90m|[0m
[0;90m|[0m [1;34m2   [0m [0;90m|[0m [1;36mLa Confiserie Sonore                      [0m [0;90m|[0m [1;32mworking   [0m [0;90m|[0m [1;35mmpg123      [0m [0;90m|[0m
[0;90m|[0m [1;34m3   [0m [0;90m|[0m [1;36mAlpha Radio                               [0m [0;90m|[0m [1;31mbroken    [0m [0;90m|[0m [1;35munknown     [0m [0;90m|[0m
[0;90m|[0m [1;34m4   [0m [0;90m|[0m [1;36mRadio Aljalia - ÿ±ÿßÿØŸäŸà ÿßŸÑÿ¨ÿßŸÑŸäÿ© [0m [0;90m|[0m [1;32mworking   [0m [0;90m|[0m [1;35munknown     [0m [0;90m|[0m
[0;90m|[0m [1;34m5   [0m [0;90m|[0m [1;36mGn Radio - Morocco                        [0m [0;90m|[0m [1;32mworking   [0m [0;90m|[0m [1;35mmpg123      [0m [0;90m|[0m
[0;90m|[0m [1;34m6   [0m [0;90m|[0m [1;36mRadio Marrakech                           [0m [0;90m|[0m [1;32mworking   [0m [0;90m|[0m [1;35mmpg123      [0m [0;90m|[0m
[0;90m|[0m [1;34m7   [0m [0;90m|[0m [1;36mNRJ Sante                                 [0m [0;90m|[0m [1;32mworking   [0m [0;90m|[0m [1;35mmpg123      [0m [0;90m|[0m
[0;90m|[0m [1;34m8   [0m [0;90m|[0m [1;36mRADIO DT                                  [0m [0;90m|[0m [1;32mworking   [0m [0;90m|[0m [1;35munknown     [0m [0;90m|[0m
[0;90m|[0m [1;34m9   [0m [0;90m|[0m [1;36mRadio Gnawa                               [0m [0;90m|[0m [1;32mworking   [0m [0;90m|[0m [1;35mmpg123      [0m [0;90m|[0m
[0;90m|[0m [1;34m10  [0m [0;90m|[0m [1;36mHASHTAG RADIO MOROCCO                     [0m [0;90m|[0m [1;32mworking   [0m [0;90m|[0m [1;35mmpg123      [0m [0;90m|[0m
[0;90m|[0m [1;34m11  [0m [0;90m|[0m [1;36mFavor Radio (Morocco)                     [0m [0;90m|[0m [1;31mbroken    [0m [0;90m|[0m [1;35munknown     [0m [0;90m|[0m
[0;90m|[0m [1;34m12  [0m [0;90m|[0m [1;36mRadio MCG24                               [0m [0;90m|[0m [1;32mworking   [0m [0;90m|[0m [1;35mmpg123      [0m [0;90m|[0m
[0;90m+------+--------------------------------------------+------------+--------------+
[0mNo next page. Finished.

[1;32mSaved 87 stations to scraped_data/Morocco/onlineradiobox.json[0m
