[1;36m==================================================[0m
[1;33mScraping Guam (gu) - Auto Pagination[0m
[1;36m==================================================[0m

[1;36mFetching page 0:[0m https://onlineradiobox.com/gu/?p=0
[0;90m+------+--------------------------------------------+------------+--------------+
[0m[0;90m|[0m [1;37mNo  [0m [0;90m|[0m [1;37mStation                                   [0m [0;90m|[0m [1;37mStatus    [0m [0;90m|[0m [1;37mFormat      [0m [0;90m|[0m
[0;90m+------+--------------------------------------------+------------+--------------+
[0m[0;90m|[0m [1;34m1   [0m [0;90m|[0m [1;36mThe Kat - KGUM-FM                         [0m [0;90m|[0m [1;32mworking   [0m [0;90m|[0m [1;35mAAC         [0m [0;90m|[0m
[0;90m|[0m [1;34m2   [0m [0;90m|[0m [1;36mMelodies of Prayer                        [0m [0;90m|[0m [1;32mworking   [0m [0;90m|[0m [1;35munknown     [0m [0;90m|[0m
[0;90m|[0m [1;34m3   [0m [0;90m|[0m [1;36mRadio The Shark                           [0m [0;90m|[0m [1;32mworking   [0m [0;90m|[0m [1;35munknown     [0m [0;90m|[0m
[0;90m|[0m [1;34m4   [0m [0;90m|[0m [1;36mHarvest Family Radio                      [0m [0;90m|[0m [1;32mworking   [0m [0;90m|[0m [1;35mmpg123      [0m [0;90m|[0m
[0;90m|[0m [1;34m5   [0m [0;90m|[0m [1;36mThe Breeze 93.9 FM                        [0m [0;90m|[0m [1;32mworking   [0m [0;90m|[0m [1;35mmpg123      [0m [0;90m|[0m
[0;90m|[0m [1;34m6   [0m [0;90m|[0m [1;36mPower 98                                  [0m [0;90m|[0m [1;32mworking   [0m [0;90m|[0m [1;35mAAC         [0m [0;90m|[0m
[0;90m|[0m [1;34m7   [0m [0;90m|[0m [1;36mRadio K57 AM                              [0m [0;90m|[0m [1;31mbroken    [0m [0;90m|[0m [1;35munknown     [0m [0;90m|[0m
[0;90m|[0m [1;34m8   [0m [0;90m|[0m [1;36mIsla 63 - KUAM                            [0m [0;90m|[0m [1;32mworking   [0m [0;90m|[0m [1;35mmpg123      [0m [0;90m|[0m
[0;90m|[0m [1;34m9   [0m [0;90m|[0m [1;36mKPRG                                      [0m [0;90m|[0m [1;32mworking   [0m [0;90m|[0m [1;35mmpg123      [0m [0;90m|[0m
[0;90m|[0m [1;34m10  [0m [0;90m|[0m [1;36mJoy FM                                    [0m [0;90m|[0m [1;32mworking   [0m [0;90m|[0m [1;35munknown     [0m [0;90m|[0m
[0;90m|[0m [1;34m11  [0m [0;90m|[0m [1;36mStation Beta                              [0m [0;90m|[0m [1;32mworking   [0m [0;90m|[0m [1;35mmpg123      [0m [0;90m|[0m
[0;90m|[0m [1;34m12  [0m [0;90m|[0m [1;36mAntenna Web Guam                          [0m [0;90m|[0m [1;32mworking   [0m [0;90m|[0m [1;35mmpg123      [0m [0;90m|[0m
[0;90m+------+--------------------------------------------+------------+--------------+
[0mNo next page. Finished.

[1;32mSaved 12 stations to scraped_data/Guam/onlineradiobox.json[0m
